[2025/05/01 21:01:04] - Namespace(model='DeiT-Small', batch_size=256, data_dir='./data', epochs=50, lr_schedule='multistep', milestone1=100, milestone2=105, lr_min=0.0, lr_max=0.0005, weight_decay=0.0005, momentum=0.9, seed=0, save_epoch=111, dataset='CIFAR100', inner_gamma=0.15, outer_gamma=0.15, beta=0.6, lamda=0.65, batch_m=0.75, epsilon=8, alpha=8, delta_init='random', out_dir='DeiT-TDAT-Finetuning', log='DeiT-TDAT-Finetuning.log')
[2025/05/01 21:01:06] - Loading pretrained weights from Hugging Face hub (timm/deit_small_patch16_224.fb_in1k)
[2025/05/01 21:01:06] - Loading pretrained weights from Hugging Face hub (timm/deit_small_patch16_224.fb_in1k)
[2025/05/01 21:01:06] - Loading pretrained weights from Hugging Face hub (timm/deit_small_patch16_224.fb_in1k)
[2025/05/01 21:01:06] - Loading pretrained weights from Hugging Face hub (timm/deit_small_patch16_224.fb_in1k)
[2025/05/01 21:01:06] - [timm/deit_small_patch16_224.fb_in1k] Safe alternative available for 'pytorch_model.bin' (as 'model.safetensors'). Loading weights using safetensors.
[2025/05/01 21:01:06] - [timm/deit_small_patch16_224.fb_in1k] Safe alternative available for 'pytorch_model.bin' (as 'model.safetensors'). Loading weights using safetensors.
[2025/05/01 21:01:06] - [timm/deit_small_patch16_224.fb_in1k] Safe alternative available for 'pytorch_model.bin' (as 'model.safetensors'). Loading weights using safetensors.
[2025/05/01 21:01:06] - [timm/deit_small_patch16_224.fb_in1k] Safe alternative available for 'pytorch_model.bin' (as 'model.safetensors'). Loading weights using safetensors.
[2025/05/01 21:01:06] - Epoch 	 Seconds 	 LR 	 Inner Loss 	 Train Loss 	 Train Acc 	 Test Loss 	 Test Acc 	 PGD Loss 	 PGD Acc 	 Case1_pct 	 Case2_pct 	 Case3_pct 	 Case4_pct 	 Case5_pct 	 FGSM Loss 	 FGSM Acc 	 C&W Loss 	 C&W Acc
[2025/05/01 21:11:36] - 0 	 93.1 	 	 0.0005 	 4.6088 	 	 5.1831 	 0.0048 	 4.5887 	 	 0.0217 	 4.5895 	 0.0086 	 1.3100 	 0.8600 	 96.8100 	 0.0000 	 1.0200 	 4.5895 	 0.0102 	 4.5893 	 0.0077
[2025/05/01 21:22:46] - 1 	 92.2 	 	 0.0005 	 4.5710 	 	 4.5976 	 0.0179 	 4.5337 	 	 0.0261 	 4.5359 	 0.0191 	 0.7000 	 1.9100 	 97.2300 	 0.0000 	 0.1600 	 4.5355 	 0.0208 	 4.5349 	 0.0154
[2025/05/01 21:33:55] - 2 	 92.1 	 	 0.0005 	 4.5331 	 	 4.5703 	 0.0255 	 4.4750 	 	 0.0379 	 4.4787 	 0.0297 	 0.8300 	 2.9600 	 96.0400 	 0.0100 	 0.1600 	 4.4779 	 0.0323 	 4.4768 	 0.0232
[2025/05/01 21:45:04] - 3 	 92.2 	 	 0.0005 	 4.4624 	 	 4.5306 	 0.0409 	 4.3374 	 	 0.0616 	 4.3468 	 0.0413 	 2.0300 	 4.1300 	 93.6100 	 0.0000 	 0.2300 	 4.3455 	 0.0449 	 4.3424 	 0.0298
[2025/05/01 21:56:14] - 4 	 91.8 	 	 0.0005 	 4.3892 	 	 4.4889 	 0.0540 	 4.2481 	 	 0.0761 	 4.2615 	 0.0496 	 2.6500 	 4.9600 	 92.1700 	 0.0000 	 0.2200 	 4.2595 	 0.0569 	 4.2553 	 0.0394
[2025/05/01 22:07:23] - 5 	 91.6 	 	 0.0005 	 4.3470 	 	 4.4595 	 0.0668 	 4.1749 	 	 0.0935 	 4.1942 	 0.0642 	 2.9400 	 6.4100 	 90.4600 	 0.0100 	 0.1800 	 4.1913 	 0.0717 	 4.1853 	 0.0481
[2025/05/01 22:18:31] - 6 	 91.4 	 	 0.0005 	 4.3154 	 	 4.4377 	 0.0809 	 4.1091 	 	 0.1121 	 4.1338 	 0.0771 	 3.5100 	 7.7000 	 88.5900 	 0.0100 	 0.1900 	 4.1299 	 0.0856 	 4.1234 	 0.0602
[2025/05/01 22:29:38] - 7 	 91.0 	 	 0.0005 	 4.2873 	 	 4.4180 	 0.0923 	 4.0448 	 	 0.1330 	 4.0762 	 0.0865 	 4.6500 	 8.6500 	 86.5800 	 0.0000 	 0.1200 	 4.0720 	 0.0978 	 4.0640 	 0.0678
[2025/05/01 22:40:46] - 8 	 90.5 	 	 0.0005 	 4.2655 	 	 4.4035 	 0.1061 	 3.9867 	 	 0.1499 	 4.0250 	 0.0979 	 5.2000 	 9.7900 	 84.7700 	 0.0000 	 0.2400 	 4.0195 	 0.1100 	 4.0109 	 0.0763
[2025/05/01 22:51:54] - 9 	 91.0 	 	 0.0005 	 4.2481 	 	 4.3918 	 0.1183 	 3.9234 	 	 0.1648 	 3.9686 	 0.1062 	 5.8600 	 10.6200 	 83.3400 	 0.0000 	 0.1800 	 3.9620 	 0.1209 	 3.9522 	 0.0840
[2025/05/01 23:03:00] - 10 	 90.2 	 	 0.0005 	 4.2361 	 	 4.3833 	 0.1313 	 3.8724 	 	 0.1800 	 3.9241 	 0.1172 	 6.2800 	 11.7200 	 81.8100 	 0.0000 	 0.1900 	 3.9168 	 0.1312 	 3.9062 	 0.0935
[2025/05/01 23:14:06] - 11 	 90.2 	 	 0.0005 	 4.2320 	 	 4.3795 	 0.1394 	 3.8354 	 	 0.1925 	 3.8925 	 0.1256 	 6.6900 	 12.5600 	 80.4400 	 0.0000 	 0.3100 	 3.8841 	 0.1438 	 3.8732 	 0.1000
[2025/05/01 23:25:11] - 12 	 90.1 	 	 0.0005 	 4.2311 	 	 4.3776 	 0.1480 	 3.8062 	 	 0.1999 	 3.8672 	 0.1331 	 6.6800 	 13.3100 	 79.8900 	 0.0000 	 0.1200 	 3.8582 	 0.1480 	 3.8471 	 0.1059
[2025/05/01 23:36:17] - 13 	 90.4 	 	 0.0005 	 4.2334 	 	 4.3785 	 0.1557 	 3.7971 	 	 0.2152 	 3.8623 	 0.1386 	 7.6600 	 13.8600 	 78.3100 	 0.0000 	 0.1700 	 3.8534 	 0.1555 	 3.8416 	 0.1116
[2025/05/01 23:47:24] - 14 	 90.1 	 	 0.0005 	 4.2377 	 	 4.3806 	 0.1642 	 3.7795 	 	 0.2239 	 3.8495 	 0.1428 	 8.1100 	 14.2800 	 77.3600 	 0.0000 	 0.2500 	 3.8395 	 0.1625 	 3.8277 	 0.1148
[2025/05/01 23:58:33] - 15 	 90.2 	 	 0.0005 	 4.2458 	 	 4.3855 	 0.1714 	 3.7759 	 	 0.2327 	 3.8492 	 0.1499 	 8.2800 	 14.9900 	 76.5300 	 0.0000 	 0.2000 	 3.8386 	 0.1704 	 3.8268 	 0.1191
[2025/05/02 00:09:42] - 16 	 90.3 	 	 0.0005 	 4.2529 	 	 4.3890 	 0.1826 	 3.7577 	 	 0.2410 	 3.8347 	 0.1571 	 8.3900 	 15.7100 	 75.6800 	 0.0000 	 0.2200 	 3.8233 	 0.1767 	 3.8112 	 0.1289
[2025/05/02 00:20:49] - 17 	 89.8 	 	 0.0005 	 4.2610 	 	 4.3932 	 0.1927 	 3.8051 	 	 0.2472 	 3.8806 	 0.1593 	 8.7900 	 15.9300 	 75.0800 	 0.0000 	 0.2000 	 3.8694 	 0.1783 	 3.8577 	 0.1286
[2025/05/02 00:31:58] - 18 	 90.6 	 	 0.0005 	 4.2715 	 	 4.3991 	 0.2007 	 3.7693 	 	 0.2579 	 3.8490 	 0.1662 	 9.1700 	 16.6200 	 74.0100 	 0.0000 	 0.2000 	 3.8375 	 0.1862 	 3.8248 	 0.1377
[2025/05/02 00:43:06] - 19 	 90.5 	 	 0.0005 	 4.2835 	 	 4.4062 	 0.2093 	 3.7479 	 	 0.2627 	 3.8308 	 0.1689 	 9.3800 	 16.8900 	 73.5900 	 0.0000 	 0.1400 	 3.8186 	 0.1912 	 3.8059 	 0.1414
[2025/05/02 00:54:13] - 20 	 90.6 	 	 0.0005 	 4.2946 	 	 4.4122 	 0.2155 	 3.7062 	 	 0.2752 	 3.7961 	 0.1760 	 9.9200 	 17.6000 	 72.2900 	 0.0000 	 0.1900 	 3.7833 	 0.1992 	 3.7693 	 0.1462
[2025/05/02 01:05:19] - 21 	 89.8 	 	 0.0005 	 4.3032 	 	 4.4160 	 0.2266 	 3.6898 	 	 0.2823 	 3.7828 	 0.1812 	 10.1100 	 18.1200 	 71.5900 	 0.0000 	 0.1800 	 3.7691 	 0.2053 	 3.7552 	 0.1493
[2025/05/02 01:16:24] - 22 	 89.8 	 	 0.0005 	 4.3142 	 	 4.4221 	 0.2363 	 3.6900 	 	 0.2854 	 3.7843 	 0.1813 	 10.4100 	 18.1300 	 71.2600 	 0.0000 	 0.2000 	 3.7702 	 0.2083 	 3.7564 	 0.1507
[2025/05/02 01:27:29] - 23 	 89.8 	 	 0.0005 	 4.3286 	 	 4.4311 	 0.2428 	 3.6984 	 	 0.2922 	 3.7951 	 0.1850 	 10.7200 	 18.5000 	 70.6800 	 0.0000 	 0.1000 	 3.7806 	 0.2137 	 3.7666 	 0.1532
[2025/05/02 01:38:35] - 24 	 89.9 	 	 0.0005 	 4.3454 	 	 4.4418 	 0.2470 	 3.7372 	 	 0.2979 	 3.8332 	 0.1898 	 10.8100 	 18.9800 	 70.1000 	 0.0000 	 0.1100 	 3.8190 	 0.2175 	 3.8049 	 0.1551
[2025/05/02 01:49:40] - 25 	 89.8 	 	 0.0005 	 4.3606 	 	 4.4511 	 0.2528 	 3.7782 	 	 0.3001 	 3.8705 	 0.1915 	 10.8600 	 19.1500 	 69.8100 	 0.0000 	 0.1800 	 3.8566 	 0.2198 	 3.8434 	 0.1577
[2025/05/02 02:00:47] - 26 	 89.9 	 	 0.0005 	 4.3733 	 	 4.4584 	 0.2581 	 3.7689 	 	 0.3082 	 3.8634 	 0.1971 	 11.1100 	 19.7100 	 69.0800 	 0.0000 	 0.1000 	 3.8492 	 0.2223 	 3.8357 	 0.1609
[2025/05/02 02:11:52] - 27 	 89.9 	 	 0.0005 	 4.3856 	 	 4.4658 	 0.2699 	 3.7829 	 	 0.3140 	 3.8784 	 0.2009 	 11.3100 	 20.0900 	 68.5100 	 0.0000 	 0.0900 	 3.8636 	 0.2278 	 3.8504 	 0.1644
[2025/05/02 02:22:58] - 28 	 89.9 	 	 0.0005 	 4.3990 	 	 4.4739 	 0.2771 	 3.7941 	 	 0.3163 	 3.8898 	 0.2037 	 11.2600 	 20.3700 	 68.2200 	 0.0000 	 0.1500 	 3.8750 	 0.2320 	 3.8621 	 0.1669
[2025/05/02 02:34:03] - 29 	 89.8 	 	 0.0005 	 4.4137 	 	 4.4832 	 0.2793 	 3.7890 	 	 0.3207 	 3.8845 	 0.2064 	 11.4300 	 20.6400 	 67.7900 	 0.0000 	 0.1400 	 3.8698 	 0.2350 	 3.8568 	 0.1709
[2025/05/02 02:45:08] - 30 	 89.7 	 	 0.0005 	 4.4279 	 	 4.4922 	 0.2839 	 3.7744 	 	 0.3130 	 3.8699 	 0.1991 	 11.3900 	 19.9100 	 68.5000 	 0.0000 	 0.2000 	 3.8556 	 0.2277 	 3.8424 	 0.1657
[2025/05/02 02:56:14] - 31 	 89.6 	 	 0.0005 	 4.4419 	 	 4.5008 	 0.2879 	 3.7785 	 	 0.3199 	 3.8757 	 0.2031 	 11.6800 	 20.3100 	 67.8400 	 0.0000 	 0.1700 	 3.8612 	 0.2330 	 3.8479 	 0.1691
[2025/05/02 03:07:18] - 32 	 89.7 	 	 0.0005 	 4.4545 	 	 4.5084 	 0.2952 	 3.7962 	 	 0.3255 	 3.8942 	 0.2091 	 11.6400 	 20.9100 	 67.2300 	 0.0000 	 0.2200 	 3.8786 	 0.2416 	 3.8664 	 0.1732
[2025/05/02 03:18:23] - 33 	 89.9 	 	 0.0005 	 4.4671 	 	 4.5161 	 0.3031 	 3.8169 	 	 0.3292 	 3.9139 	 0.2119 	 11.7300 	 21.1900 	 66.8800 	 0.0000 	 0.2000 	 3.8980 	 0.2453 	 3.8866 	 0.1763
[2025/05/02 03:29:29] - 34 	 89.7 	 	 0.0005 	 4.4801 	 	 4.5244 	 0.3057 	 3.8607 	 	 0.3339 	 3.9536 	 0.2156 	 11.8300 	 21.5600 	 66.3600 	 0.0000 	 0.2500 	 3.9388 	 0.2456 	 3.9273 	 0.1777
[2025/05/02 03:40:34] - 35 	 89.8 	 	 0.0005 	 4.4928 	 	 4.5328 	 0.3069 	 3.9027 	 	 0.3397 	 3.9912 	 0.2198 	 11.9900 	 21.9800 	 65.8300 	 0.0000 	 0.2000 	 3.9770 	 0.2487 	 3.9656 	 0.1805
[2025/05/02 03:51:39] - 36 	 89.5 	 	 0.0005 	 4.5049 	 	 4.5404 	 0.3132 	 3.9411 	 	 0.3372 	 4.0247 	 0.2204 	 11.6800 	 22.0400 	 66.1800 	 0.0000 	 0.1000 	 4.0110 	 0.2499 	 4.0008 	 0.1823
[2025/05/02 04:02:44] - 37 	 89.6 	 	 0.0005 	 4.5163 	 	 4.5474 	 0.3232 	 3.9707 	 	 0.3361 	 4.0513 	 0.2185 	 11.7600 	 21.8500 	 66.2400 	 0.0000 	 0.1500 	 4.0381 	 0.2481 	 4.0283 	 0.1809
[2025/05/02 04:13:48] - 38 	 89.4 	 	 0.0005 	 4.5245 	 	 4.5523 	 0.3259 	 3.9797 	 	 0.3394 	 4.0599 	 0.2207 	 11.8700 	 22.0700 	 65.8500 	 0.0000 	 0.2100 	 4.0469 	 0.2511 	 4.0367 	 0.1812
[2025/05/02 04:24:53] - 39 	 89.2 	 	 0.0005 	 4.5232 	 	 4.5509 	 0.3307 	 3.9739 	 	 0.3398 	 4.0555 	 0.2229 	 11.6900 	 22.2900 	 65.8500 	 0.0000 	 0.1700 	 4.0419 	 0.2525 	 4.0320 	 0.1827
[2025/05/02 04:35:57] - 40 	 89.3 	 	 0.0005 	 4.5218 	 	 4.5496 	 0.3377 	 3.9642 	 	 0.3398 	 4.0478 	 0.2242 	 11.5600 	 22.4200 	 65.9000 	 0.0000 	 0.1200 	 4.0336 	 0.2535 	 4.0238 	 0.1821
[2025/05/02 04:47:02] - 41 	 89.3 	 	 0.0005 	 4.5203 	 	 4.5483 	 0.3417 	 3.9560 	 	 0.3415 	 4.0413 	 0.2241 	 11.7400 	 22.4100 	 65.6600 	 0.0000 	 0.1900 	 4.0268 	 0.2550 	 4.0171 	 0.1847
[2025/05/02 04:58:08] - 42 	 89.4 	 	 0.0005 	 4.5189 	 	 4.5470 	 0.3489 	 3.9485 	 	 0.3442 	 4.0354 	 0.2246 	 11.9600 	 22.4600 	 65.4400 	 0.0000 	 0.1400 	 4.0209 	 0.2566 	 4.0110 	 0.1836
[2025/05/02 05:09:13] - 43 	 89.5 	 	 0.0005 	 4.5174 	 	 4.5457 	 0.3558 	 3.9435 	 	 0.3455 	 4.0322 	 0.2251 	 12.0400 	 22.5100 	 65.3000 	 0.0000 	 0.1500 	 4.0173 	 0.2568 	 4.0072 	 0.1845
[2025/05/02 05:20:18] - 44 	 89.4 	 	 0.0005 	 4.5160 	 	 4.5444 	 0.3612 	 3.9364 	 	 0.3464 	 4.0267 	 0.2245 	 12.1900 	 22.4500 	 65.2300 	 0.0000 	 0.1300 	 4.0114 	 0.2589 	 4.0015 	 0.1849
[2025/05/02 05:31:24] - 45 	 89.5 	 	 0.0005 	 4.5147 	 	 4.5432 	 0.3685 	 3.9274 	 	 0.3507 	 4.0199 	 0.2262 	 12.4500 	 22.6200 	 64.7300 	 0.0000 	 0.2000 	 4.0049 	 0.2591 	 3.9945 	 0.1865
[2025/05/02 05:42:31] - 46 	 89.6 	 	 0.0005 	 4.5133 	 	 4.5421 	 0.3768 	 3.9242 	 	 0.3531 	 4.0185 	 0.2267 	 12.6400 	 22.6700 	 64.5700 	 0.0000 	 0.1200 	 4.0033 	 0.2611 	 3.9929 	 0.1869
[2025/05/02 05:53:34] - 47 	 89.5 	 	 0.0005 	 4.5119 	 	 4.5410 	 0.3804 	 3.9209 	 	 0.3530 	 4.0163 	 0.2273 	 12.5700 	 22.7300 	 64.6100 	 0.0000 	 0.0900 	 4.0006 	 0.2607 	 3.9907 	 0.1880
[2025/05/02 06:04:39] - 48 	 89.4 	 	 0.0005 	 4.5110 	 	 4.5402 	 0.3833 	 3.9186 	 	 0.3522 	 4.0148 	 0.2269 	 12.5300 	 22.6900 	 64.5900 	 0.0000 	 0.1900 	 3.9992 	 0.2570 	 3.9894 	 0.1866
[2025/05/02 06:15:45] - 49 	 89.3 	 	 0.0005 	 4.5103 	 	 4.5398 	 0.3869 	 3.9130 	 	 0.3502 	 4.0090 	 0.2224 	 12.7800 	 22.2400 	 64.7600 	 0.0000 	 0.2200 	 3.9939 	 0.2561 	 3.9833 	 0.1840
[2025/05/02 06:15:45] - [0.0217, 0.0261, 0.0379, 0.0616, 0.0761, 0.0935, 0.1121, 0.133, 0.1499, 0.1648, 0.18, 0.1925, 0.1999, 0.2152, 0.2239, 0.2327, 0.241, 0.2472, 0.2579, 0.2627, 0.2752, 0.2823, 0.2854, 0.2922, 0.2979, 0.3001, 0.3082, 0.314, 0.3163, 0.3207, 0.313, 0.3199, 0.3255, 0.3292, 0.3339, 0.3397, 0.3372, 0.3361, 0.3394, 0.3398, 0.3398, 0.3415, 0.3442, 0.3455, 0.3464, 0.3507, 0.3531, 0.353, 0.3522, 0.3502]
[2025/05/02 06:15:45] - [0.0086, 0.0191, 0.0297, 0.0413, 0.0496, 0.0642, 0.0771, 0.0865, 0.0979, 0.1062, 0.1172, 0.1256, 0.1331, 0.1386, 0.1428, 0.1499, 0.1571, 0.1593, 0.1662, 0.1689, 0.176, 0.1812, 0.1813, 0.185, 0.1898, 0.1915, 0.1971, 0.2009, 0.2037, 0.2064, 0.1991, 0.2031, 0.2091, 0.2119, 0.2156, 0.2198, 0.2204, 0.2185, 0.2207, 0.2229, 0.2242, 0.2241, 0.2246, 0.2251, 0.2245, 0.2262, 0.2267, 0.2273, 0.2269, 0.2224]
[2025/05/02 06:15:45] - [0.0102, 0.0208, 0.0323, 0.0449, 0.0569, 0.0717, 0.0856, 0.0978, 0.11, 0.1209, 0.1312, 0.1438, 0.148, 0.1555, 0.1625, 0.1704, 0.1767, 0.1783, 0.1862, 0.1912, 0.1992, 0.2053, 0.2083, 0.2137, 0.2175, 0.2198, 0.2223, 0.2278, 0.232, 0.235, 0.2277, 0.233, 0.2416, 0.2453, 0.2456, 0.2487, 0.2499, 0.2481, 0.2511, 0.2525, 0.2535, 0.255, 0.2566, 0.2568, 0.2589, 0.2591, 0.2611, 0.2607, 0.257, 0.2561]
[2025/05/02 06:15:45] - [0.0077, 0.0154, 0.0232, 0.0298, 0.0394, 0.0481, 0.0602, 0.0678, 0.0763, 0.084, 0.0935, 0.1, 0.1059, 0.1116, 0.1148, 0.1191, 0.1289, 0.1286, 0.1377, 0.1414, 0.1462, 0.1493, 0.1507, 0.1532, 0.1551, 0.1577, 0.1609, 0.1644, 0.1669, 0.1709, 0.1657, 0.1691, 0.1732, 0.1763, 0.1777, 0.1805, 0.1823, 0.1809, 0.1812, 0.1827, 0.1821, 0.1847, 0.1836, 0.1845, 0.1849, 0.1865, 0.1869, 0.188, 0.1866, 0.184]
[2025/05/02 06:15:45] - [1.31, 0.7000000000000001, 0.83, 2.03, 2.65, 2.94, 3.51, 4.65, 5.2, 5.86, 6.279999999999999, 6.69, 6.68, 7.66, 8.110000000000001, 8.28, 8.39, 8.790000000000001, 9.17, 9.379999999999999, 9.92, 10.11, 10.41, 10.72, 10.81, 10.86, 11.110000000000001, 11.31, 11.26, 11.43, 11.39, 11.68, 11.64, 11.73, 11.83, 11.99, 11.68, 11.76, 11.87, 11.690000000000001, 11.559999999999999, 11.74, 11.959999999999999, 12.04, 12.19, 12.45, 12.64, 12.57, 12.53, 12.78]
[2025/05/02 06:15:45] - [0.86, 1.91, 2.96, 4.130000000000001, 4.96, 6.41, 7.7, 8.649999999999999, 9.790000000000001, 10.620000000000001, 11.72, 12.559999999999999, 13.309999999999999, 13.86, 14.280000000000001, 14.99, 15.709999999999999, 15.93, 16.619999999999997, 16.89, 17.599999999999998, 18.12, 18.13, 18.5, 18.98, 19.15, 19.71, 20.09, 20.369999999999997, 20.64, 19.91, 20.31, 20.91, 21.19, 21.560000000000002, 21.98, 22.040000000000003, 21.85, 22.07, 22.29, 22.42, 22.41, 22.46, 22.509999999999998, 22.45, 22.62, 22.67, 22.73, 22.689999999999998, 22.24]
[2025/05/02 06:15:45] - [96.81, 97.23, 96.04, 93.61, 92.17, 90.46, 88.59, 86.58, 84.77, 83.34, 81.81, 80.44, 79.89, 78.31, 77.36, 76.53, 75.68, 75.08, 74.00999999999999, 73.59, 72.28999999999999, 71.59, 71.26, 70.67999999999999, 70.1, 69.81, 69.08, 68.51, 68.22, 67.78999999999999, 68.5, 67.84, 67.23, 66.88, 66.36, 65.83, 66.18, 66.24, 65.85, 65.85, 65.9, 65.66, 65.44, 65.3, 65.23, 64.73, 64.57000000000001, 64.61, 64.59, 64.75999999999999]
[2025/05/02 06:15:45] - [0.0, 0.0, 0.01, 0.0, 0.0, 0.01, 0.01, 0.0, 0.0, 0.0, 0.0, 0.0, 0.0, 0.0, 0.0, 0.0, 0.0, 0.0, 0.0, 0.0, 0.0, 0.0, 0.0, 0.0, 0.0, 0.0, 0.0, 0.0, 0.0, 0.0, 0.0, 0.0, 0.0, 0.0, 0.0, 0.0, 0.0, 0.0, 0.0, 0.0, 0.0, 0.0, 0.0, 0.0, 0.0, 0.0, 0.0, 0.0, 0.0, 0.0]
[2025/05/02 06:15:45] - [1.02, 0.16, 0.16, 0.22999999999999998, 0.22, 0.18, 0.19, 0.12, 0.24, 0.18, 0.19, 0.31, 0.12, 0.16999999999999998, 0.25, 0.2, 0.22, 0.2, 0.2, 0.13999999999999999, 0.19, 0.18, 0.2, 0.1, 0.11, 0.18, 0.1, 0.09, 0.15, 0.13999999999999999, 0.2, 0.16999999999999998, 0.22, 0.2, 0.25, 0.2, 0.1, 0.15, 0.21, 0.16999999999999998, 0.12, 0.19, 0.13999999999999999, 0.15, 0.13, 0.2, 0.12, 0.09, 0.19, 0.22]
[2025/05/02 08:03:56] - Namespace(model='DeiT-Small', batch_size=256, data_dir='./data', epochs=75, lr_schedule='multistep', milestone1=100, milestone2=105, lr_min=0.0, lr_max=0.0005, weight_decay=0.0005, momentum=0.9, seed=0, save_epoch=111, dataset='CIFAR100', inner_gamma=0.15, outer_gamma=0.15, beta=0.6, lamda=0.65, batch_m=0.75, epsilon=8, alpha=8, delta_init='random', out_dir='DeiT-TDAT-Finetuning', log='DeiT-TDAT-Finetuning.log')
[2025/05/02 08:03:58] - Loading pretrained weights from Hugging Face hub (timm/deit_small_patch16_224.fb_in1k)
[2025/05/02 08:03:58] - Loading pretrained weights from Hugging Face hub (timm/deit_small_patch16_224.fb_in1k)
[2025/05/02 08:03:58] - Loading pretrained weights from Hugging Face hub (timm/deit_small_patch16_224.fb_in1k)
[2025/05/02 08:03:58] - Loading pretrained weights from Hugging Face hub (timm/deit_small_patch16_224.fb_in1k)
[2025/05/02 08:03:58] - [timm/deit_small_patch16_224.fb_in1k] Safe alternative available for 'pytorch_model.bin' (as 'model.safetensors'). Loading weights using safetensors.
[2025/05/02 08:03:58] - [timm/deit_small_patch16_224.fb_in1k] Safe alternative available for 'pytorch_model.bin' (as 'model.safetensors'). Loading weights using safetensors.
[2025/05/02 08:03:58] - [timm/deit_small_patch16_224.fb_in1k] Safe alternative available for 'pytorch_model.bin' (as 'model.safetensors'). Loading weights using safetensors.
[2025/05/02 08:03:58] - [timm/deit_small_patch16_224.fb_in1k] Safe alternative available for 'pytorch_model.bin' (as 'model.safetensors'). Loading weights using safetensors.
[2025/05/02 08:03:59] - Epoch 	 Seconds 	 LR 	 Inner Loss 	 Train Loss 	 Train Acc 	 Test Loss 	 Test Acc 	 PGD Loss 	 PGD Acc 	 Case1_pct 	 Case2_pct 	 Case3_pct 	 Case4_pct 	 Case5_pct 	 FGSM Loss 	 FGSM Acc 	 C&W Loss 	 C&W Acc
[2025/05/02 08:15:14] - 50 	 93.0 	 	 0.0005 	 4.4378 	 	 4.4897 	 0.3902 	 3.7728 	 	 0.3586 	 3.8889 	 0.2219 	 13.6700 	 22.1900 	 64.0100 	 0.0000 	 0.1300 	 3.8720 	 0.2573 	 3.8584 	 0.1875
[2025/05/02 08:26:30] - 51 	 91.9 	 	 0.0005 	 4.4470 	 	 4.4975 	 0.3962 	 3.7912 	 	 0.3571 	 3.9048 	 0.2218 	 13.5300 	 22.1800 	 64.0900 	 0.0000 	 0.2000 	 3.8884 	 0.2551 	 3.8755 	 0.1858
[2025/05/02 08:37:45] - 52 	 92.2 	 	 0.0005 	 4.4580 	 	 4.5053 	 0.3962 	 3.8023 	 	 0.3512 	 3.9124 	 0.2192 	 13.2000 	 21.9200 	 64.7700 	 0.0000 	 0.1100 	 3.8964 	 0.2528 	 3.8832 	 0.1855
[2025/05/02 08:49:01] - 53 	 92.5 	 	 0.0005 	 4.4679 	 	 4.5122 	 0.4008 	 3.8328 	 	 0.3588 	 3.9427 	 0.2209 	 13.7900 	 22.0900 	 63.9900 	 0.0000 	 0.1300 	 3.9267 	 0.2560 	 3.9140 	 0.1847
[2025/05/02 09:00:14] - 54 	 91.9 	 	 0.0005 	 4.4771 	 	 4.5180 	 0.4087 	 3.8657 	 	 0.3553 	 3.9713 	 0.2237 	 13.1600 	 22.3700 	 64.2000 	 0.0000 	 0.2700 	 3.9555 	 0.2579 	 3.9442 	 0.1874
[2025/05/02 09:11:26] - 55 	 91.6 	 	 0.0005 	 4.4885 	 	 4.5267 	 0.4073 	 3.8758 	 	 0.3504 	 3.9784 	 0.2210 	 12.9400 	 22.1000 	 64.7600 	 0.0000 	 0.2000 	 3.9633 	 0.2548 	 3.9521 	 0.1874
[2025/05/02 09:22:38] - 56 	 91.5 	 	 0.0005 	 4.4989 	 	 4.5335 	 0.4037 	 3.8746 	 	 0.3511 	 3.9762 	 0.2157 	 13.5400 	 21.5700 	 64.6300 	 0.0000 	 0.2600 	 3.9619 	 0.2507 	 3.9501 	 0.1849
[2025/05/02 09:33:51] - 57 	 91.6 	 	 0.0005 	 4.5022 	 	 4.5348 	 0.4162 	 3.8798 	 	 0.3508 	 3.9801 	 0.2122 	 13.8600 	 21.2200 	 64.7600 	 0.0000 	 0.1600 	 3.9668 	 0.2457 	 3.9542 	 0.1820
[2025/05/02 09:45:02] - 58 	 91.6 	 	 0.0005 	 4.5008 	 	 4.5333 	 0.4212 	 3.8794 	 	 0.3484 	 3.9810 	 0.2093 	 13.9100 	 20.9300 	 64.9300 	 0.0000 	 0.2300 	 3.9670 	 0.2469 	 3.9549 	 0.1796
[2025/05/02 09:56:12] - 59 	 91.6 	 	 0.0005 	 4.4992 	 	 4.5319 	 0.4246 	 3.8870 	 	 0.3553 	 3.9890 	 0.2178 	 13.7500 	 21.7800 	 64.3200 	 0.0000 	 0.1500 	 3.9745 	 0.2526 	 3.9631 	 0.1823
[2025/05/02 10:07:23] - 60 	 91.3 	 	 0.0005 	 4.4988 	 	 4.5319 	 0.4292 	 3.8818 	 	 0.3533 	 3.9854 	 0.2156 	 13.7700 	 21.5600 	 64.5500 	 0.0000 	 0.1200 	 3.9704 	 0.2533 	 3.9595 	 0.1819
[2025/05/02 10:18:36] - 61 	 91.8 	 	 0.0005 	 4.4993 	 	 4.5326 	 0.4314 	 3.8536 	 	 0.3578 	 3.9646 	 0.2112 	 14.6600 	 21.1200 	 64.0200 	 0.0000 	 0.2000 	 3.9500 	 0.2517 	 3.9363 	 0.1782
[2025/05/02 10:29:48] - 62 	 91.5 	 	 0.0005 	 4.4990 	 	 4.5327 	 0.4307 	 3.8654 	 	 0.3480 	 3.9717 	 0.2088 	 13.9200 	 20.8800 	 65.0100 	 0.0000 	 0.1900 	 3.9574 	 0.2446 	 3.9448 	 0.1770
[2025/05/02 10:40:57] - 63 	 91.0 	 	 0.0005 	 4.4989 	 	 4.5329 	 0.4297 	 3.8837 	 	 0.3533 	 3.9893 	 0.2178 	 13.5500 	 21.7800 	 64.5700 	 0.0000 	 0.1000 	 3.9743 	 0.2502 	 3.9628 	 0.1833
[2025/05/02 10:52:09] - 64 	 90.6 	 	 0.0005 	 4.4972 	 	 4.5314 	 0.4312 	 3.8876 	 	 0.3570 	 3.9925 	 0.2204 	 13.6600 	 22.0400 	 64.1000 	 0.0000 	 0.2000 	 3.9777 	 0.2531 	 3.9667 	 0.1879
[2025/05/02 11:03:18] - 65 	 90.8 	 	 0.0005 	 4.4965 	 	 4.5306 	 0.4326 	 3.8945 	 	 0.3524 	 3.9999 	 0.2182 	 13.4200 	 21.8200 	 64.5800 	 0.0000 	 0.1800 	 3.9841 	 0.2554 	 3.9746 	 0.1868
[2025/05/02 11:14:28] - 66 	 90.7 	 	 0.0005 	 4.4963 	 	 4.5308 	 0.4363 	 3.9456 	 	 0.3570 	 4.0461 	 0.2177 	 13.9300 	 21.7700 	 64.1400 	 0.0000 	 0.1600 	 4.0319 	 0.2522 	 4.0215 	 0.1844
[2025/05/02 11:25:38] - 67 	 90.9 	 	 0.0005 	 4.4954 	 	 4.5300 	 0.4360 	 3.9230 	 	 0.3596 	 4.0268 	 0.2167 	 14.2900 	 21.6700 	 63.9400 	 0.0000 	 0.1000 	 4.0132 	 0.2509 	 4.0014 	 0.1817
[2025/05/02 11:36:47] - 68 	 90.6 	 	 0.0005 	 4.4937 	 	 4.5282 	 0.4445 	 3.9122 	 	 0.3573 	 4.0175 	 0.2188 	 13.8500 	 21.8800 	 64.0700 	 0.0000 	 0.2000 	 4.0020 	 0.2565 	 3.9922 	 0.1837
[2025/05/02 11:47:56] - 69 	 90.7 	 	 0.0005 	 4.4928 	 	 4.5280 	 0.4472 	 3.9095 	 	 0.3596 	 4.0183 	 0.2161 	 14.3500 	 21.6100 	 63.8600 	 0.0000 	 0.1800 	 4.0029 	 0.2537 	 3.9918 	 0.1849
[2025/05/02 11:59:06] - 70 	 90.7 	 	 0.0005 	 4.4920 	 	 4.5269 	 0.4511 	 3.8834 	 	 0.3540 	 3.9932 	 0.2073 	 14.6700 	 20.7300 	 64.4900 	 0.0000 	 0.1100 	 3.9784 	 0.2468 	 3.9671 	 0.1775
[2025/05/02 12:10:14] - 71 	 90.6 	 	 0.0005 	 4.4921 	 	 4.5273 	 0.4499 	 3.8546 	 	 0.3657 	 3.9716 	 0.2095 	 15.6200 	 20.9500 	 63.2200 	 0.0000 	 0.2100 	 3.9571 	 0.2500 	 3.9440 	 0.1823
[2025/05/02 12:21:20] - 72 	 89.9 	 	 0.0005 	 4.4907 	 	 4.5256 	 0.4557 	 3.8272 	 	 0.3715 	 3.9526 	 0.2144 	 15.7100 	 21.4400 	 62.6900 	 0.0000 	 0.1600 	 3.9365 	 0.2519 	 3.9227 	 0.1854
[2025/05/02 12:32:27] - 73 	 89.8 	 	 0.0005 	 4.4875 	 	 4.5223 	 0.4644 	 3.8263 	 	 0.3655 	 3.9528 	 0.2107 	 15.4800 	 21.0700 	 63.3100 	 0.0000 	 0.1400 	 3.9368 	 0.2502 	 3.9231 	 0.1816
[2025/05/02 12:43:34] - 74 	 89.9 	 	 0.0005 	 4.4856 	 	 4.5209 	 0.4730 	 3.8401 	 	 0.3674 	 3.9663 	 0.2128 	 15.4600 	 21.2800 	 63.0600 	 0.0000 	 0.2000 	 3.9511 	 0.2507 	 3.9375 	 0.1812
[2025/05/02 12:43:35] - [0.3586, 0.3571, 0.3512, 0.3588, 0.3553, 0.3504, 0.3511, 0.3508, 0.3484, 0.3553, 0.3533, 0.3578, 0.348, 0.3533, 0.357, 0.3524, 0.357, 0.3596, 0.3573, 0.3596, 0.354, 0.3657, 0.3715, 0.3655, 0.3674]
[2025/05/02 12:43:35] - [0.2219, 0.2218, 0.2192, 0.2209, 0.2237, 0.221, 0.2157, 0.2122, 0.2093, 0.2178, 0.2156, 0.2112, 0.2088, 0.2178, 0.2204, 0.2182, 0.2177, 0.2167, 0.2188, 0.2161, 0.2073, 0.2095, 0.2144, 0.2107, 0.2128]
[2025/05/02 12:43:35] - [0.2573, 0.2551, 0.2528, 0.256, 0.2579, 0.2548, 0.2507, 0.2457, 0.2469, 0.2526, 0.2533, 0.2517, 0.2446, 0.2502, 0.2531, 0.2554, 0.2522, 0.2509, 0.2565, 0.2537, 0.2468, 0.25, 0.2519, 0.2502, 0.2507]
[2025/05/02 12:43:35] - [0.1875, 0.1858, 0.1855, 0.1847, 0.1874, 0.1874, 0.1849, 0.182, 0.1796, 0.1823, 0.1819, 0.1782, 0.177, 0.1833, 0.1879, 0.1868, 0.1844, 0.1817, 0.1837, 0.1849, 0.1775, 0.1823, 0.1854, 0.1816, 0.1812]
[2025/05/02 12:43:35] - [13.669999999999998, 13.530000000000001, 13.200000000000001, 13.79, 13.16, 12.94, 13.54, 13.86, 13.91, 13.750000000000002, 13.77, 14.66, 13.919999999999998, 13.55, 13.66, 13.420000000000002, 13.930000000000001, 14.29, 13.850000000000001, 14.35, 14.67, 15.620000000000001, 15.709999999999999, 15.479999999999999, 15.459999999999999]
[2025/05/02 12:43:35] - [22.189999999999998, 22.18, 21.92, 22.09, 22.37, 22.1, 21.57, 21.22, 20.93, 21.78, 21.560000000000002, 21.12, 20.880000000000003, 21.78, 22.040000000000003, 21.82, 21.77, 21.67, 21.88, 21.61, 20.73, 20.95, 21.44, 21.07, 21.279999999999998]
[2025/05/02 12:43:35] - [64.01, 64.09, 64.77000000000001, 63.99, 64.2, 64.75999999999999, 64.63, 64.75999999999999, 64.92999999999999, 64.32, 64.55, 64.02, 65.01, 64.57000000000001, 64.1, 64.58, 64.14, 63.94, 64.07000000000001, 63.85999999999999, 64.49000000000001, 63.22, 62.69, 63.31, 63.06]
[2025/05/02 12:43:35] - [0.0, 0.0, 0.0, 0.0, 0.0, 0.0, 0.0, 0.0, 0.0, 0.0, 0.0, 0.0, 0.0, 0.0, 0.0, 0.0, 0.0, 0.0, 0.0, 0.0, 0.0, 0.0, 0.0, 0.0, 0.0]
[2025/05/02 12:43:35] - [0.13, 0.2, 0.11, 0.13, 0.27, 0.2, 0.26, 0.16, 0.22999999999999998, 0.15, 0.12, 0.2, 0.19, 0.1, 0.2, 0.18, 0.16, 0.1, 0.2, 0.18, 0.11, 0.21, 0.16, 0.13999999999999999, 0.2]
