[2025/05/01 21:31:10] - Namespace(model='DeiT-Small', batch_size=256, data_dir='./data', epochs=50, lr_schedule='multistep', milestone1=100, milestone2=105, lr_min=0.0, lr_max=0.0005, weight_decay=0.0005, momentum=0.9, seed=0, save_epoch=111, dataset='CIFAR100', epsilon=8, alpha=8, delta_init='random', out_dir='DeiT-AT-out', log='DeiT-AT.log')
[2025/05/01 21:31:11] - Loading pretrained weights from Hugging Face hub (timm/deit_small_patch16_224.fb_in1k)
[2025/05/01 21:31:11] - Loading pretrained weights from Hugging Face hub (timm/deit_small_patch16_224.fb_in1k)
[2025/05/01 21:31:11] - Loading pretrained weights from Hugging Face hub (timm/deit_small_patch16_224.fb_in1k)
[2025/05/01 21:31:11] - Loading pretrained weights from Hugging Face hub (timm/deit_small_patch16_224.fb_in1k)
[2025/05/01 21:31:11] - [timm/deit_small_patch16_224.fb_in1k] Safe alternative available for 'pytorch_model.bin' (as 'model.safetensors'). Loading weights using safetensors.
[2025/05/01 21:31:11] - [timm/deit_small_patch16_224.fb_in1k] Safe alternative available for 'pytorch_model.bin' (as 'model.safetensors'). Loading weights using safetensors.
[2025/05/01 21:31:12] - [timm/deit_small_patch16_224.fb_in1k] Safe alternative available for 'pytorch_model.bin' (as 'model.safetensors'). Loading weights using safetensors.
[2025/05/01 21:31:12] - [timm/deit_small_patch16_224.fb_in1k] Safe alternative available for 'pytorch_model.bin' (as 'model.safetensors'). Loading weights using safetensors.
[2025/05/01 21:31:12] - Epoch 	 Seconds 	 LR 	 Inner Loss 	 Train Loss 	 Train Acc 	 Test Loss 	 Test Acc 	 PGD Loss 	 PGD Acc 	 Case1_pct 	 Case2_pct 	 Case3_pct 	 Case4_pct 	 Case5_pct 	 FGSM Loss 	 FGSM Acc 	 C&W Loss 	 C&W Acc
[2025/05/01 21:42:29] - 0 	 94.2 	 	 0.0005 	 2.0566 	 	 2.8197 	 0.2013 	 1.0256 	 	 0.7293 	 2.4639 	 0.0105 	 71.8800 	 1.0500 	 23.5500 	 0.0000 	 3.5200 	 1.8531 	 0.3996 	 2.1908 	 0.0169
[2025/05/01 21:53:21] - 1 	 93.7 	 	 0.0005 	 0.7949 	 	 1.5212 	 0.4894 	 0.7447 	 	 0.7899 	 2.6675 	 0.0036 	 78.6300 	 0.3600 	 19.0400 	 0.0000 	 1.9700 	 1.3220 	 0.5563 	 2.3849 	 0.0057
[2025/05/01 22:02:21] - 2 	 93.3 	 	 0.0005 	 0.6025 	 	 0.9424 	 0.6678 	 0.7602 	 	 0.7879 	 3.1366 	 0.0006 	 78.7300 	 0.0600 	 20.2400 	 0.0000 	 0.9700 	 1.3006 	 0.5658 	 2.8928 	 0.0009
[2025/05/01 22:13:02] - 3 	 93.2 	 	 0.0005 	 0.6919 	 	 1.4687 	 0.5173 	 0.8240 	 	 0.7619 	 3.1493 	 0.0031 	 75.8800 	 0.3100 	 22.7200 	 0.0000 	 1.0900 	 1.1894 	 0.5916 	 2.9708 	 0.0060
[2025/05/01 22:24:01] - 4 	 92.7 	 	 0.0005 	 0.5600 	 	 1.1853 	 0.6010 	 1.0248 	 	 0.7043 	 2.7710 	 0.0050 	 69.9300 	 0.5000 	 28.4000 	 0.0000 	 1.1700 	 2.0162 	 0.3647 	 2.6005 	 0.0087
[2025/05/01 22:35:00] - 5 	 92.6 	 	 0.0005 	 0.5943 	 	 1.4877 	 0.5128 	 0.7702 	 	 0.7752 	 2.8536 	 0.0056 	 76.9600 	 0.5600 	 21.5600 	 0.0000 	 0.9200 	 1.0261 	 0.6411 	 2.6599 	 0.0084
[2025/05/01 22:45:33] - 6 	 92.5 	 	 0.0005 	 0.4054 	 	 0.9059 	 0.6935 	 0.6841 	 	 0.7983 	 3.0244 	 0.0035 	 79.4800 	 0.3500 	 19.5200 	 0.0000 	 0.6500 	 1.0314 	 0.6474 	 2.8168 	 0.0047
[2025/05/01 22:56:42] - 7 	 92.4 	 	 0.0005 	 0.3175 	 	 0.8196 	 0.7227 	 0.7508 	 	 0.7800 	 2.8432 	 0.0101 	 76.9900 	 1.0100 	 21.2000 	 0.0000 	 0.8000 	 1.1362 	 0.6215 	 2.6728 	 0.0137
[2025/05/01 23:07:49] - 8 	 92.2 	 	 0.0005 	 0.2689 	 	 0.8483 	 0.7142 	 0.7122 	 	 0.7898 	 2.6792 	 0.0124 	 77.7400 	 1.2400 	 20.3400 	 0.0000 	 0.6800 	 1.0096 	 0.6532 	 2.5068 	 0.0147
[2025/05/01 23:18:59] - 9 	 92.3 	 	 0.0005 	 0.2206 	 	 0.7949 	 0.7352 	 0.7657 	 	 0.7732 	 2.3595 	 0.0271 	 74.6100 	 2.7100 	 22.0800 	 0.0000 	 0.6000 	 1.3872 	 0.5402 	 2.1799 	 0.0354
[2025/05/01 23:30:02] - 10 	 92.3 	 	 0.0005 	 0.1586 	 	 0.2617 	 0.9079 	 0.7507 	 	 0.7840 	 2.7526 	 0.0066 	 77.7400 	 0.6600 	 21.0400 	 0.0000 	 0.5600 	 0.9451 	 0.6873 	 2.5690 	 0.0092
[2025/05/01 23:41:04] - 11 	 91.8 	 	 0.0005 	 0.1146 	 	 0.1288 	 0.9544 	 0.7520 	 	 0.7867 	 2.9390 	 0.0071 	 77.9600 	 0.7100 	 20.8000 	 0.0000 	 0.5300 	 0.9246 	 0.7020 	 2.7604 	 0.0086
[2025/05/01 23:52:12] - 12 	 91.9 	 	 0.0005 	 0.0867 	 	 0.0847 	 0.9689 	 0.7705 	 	 0.7868 	 2.9452 	 0.0090 	 77.7800 	 0.9000 	 20.8200 	 0.0000 	 0.5000 	 0.9153 	 0.7110 	 2.7784 	 0.0113
[2025/05/02 00:03:19] - 13 	 92.0 	 	 0.0005 	 0.0910 	 	 0.0751 	 0.9686 	 0.8022 	 	 0.7775 	 2.9831 	 0.0110 	 76.6500 	 1.1000 	 21.7600 	 0.0000 	 0.4900 	 0.9636 	 0.6992 	 2.8143 	 0.0136
[2025/05/02 00:14:22] - 14 	 91.5 	 	 0.0005 	 0.0837 	 	 0.0688 	 0.9726 	 0.8221 	 	 0.7705 	 2.9935 	 0.0096 	 76.0900 	 0.9600 	 22.4500 	 0.0000 	 0.5000 	 0.9738 	 0.6885 	 2.8483 	 0.0128
[2025/05/02 00:25:27] - 15 	 91.6 	 	 0.0005 	 0.0803 	 	 0.0544 	 0.9788 	 0.8164 	 	 0.7729 	 2.9676 	 0.0106 	 76.2300 	 1.0600 	 22.0800 	 0.0000 	 0.6300 	 0.8833 	 0.7180 	 2.8569 	 0.0115
[2025/05/02 00:36:33] - 16 	 91.4 	 	 0.0005 	 0.0739 	 	 0.0356 	 0.9853 	 0.8016 	 	 0.7755 	 3.0309 	 0.0104 	 76.5100 	 1.0400 	 21.9500 	 0.0000 	 0.5000 	 0.8816 	 0.7188 	 2.9108 	 0.0112
[2025/05/02 00:47:33] - 17 	 91.4 	 	 0.0005 	 0.0620 	 	 0.0314 	 0.9883 	 0.8441 	 	 0.7757 	 3.1920 	 0.0082 	 76.7500 	 0.8200 	 21.9900 	 0.0000 	 0.4400 	 0.9489 	 0.7166 	 3.0909 	 0.0102
[2025/05/02 00:58:34] - 18 	 91.3 	 	 0.0005 	 0.0626 	 	 0.0266 	 0.9884 	 0.8630 	 	 0.7638 	 3.1324 	 0.0069 	 75.6900 	 0.6900 	 23.0700 	 0.0000 	 0.5500 	 0.9747 	 0.7008 	 3.0189 	 0.0078
[2025/05/02 01:09:37] - 19 	 91.2 	 	 0.0005 	 0.0599 	 	 0.0248 	 0.9890 	 0.8447 	 	 0.7683 	 3.0532 	 0.0101 	 75.8200 	 1.0100 	 22.5700 	 0.0000 	 0.6000 	 0.8837 	 0.7252 	 2.9271 	 0.0099
[2025/05/02 01:20:41] - 20 	 91.4 	 	 0.0005 	 0.0581 	 	 0.0194 	 0.9900 	 0.8497 	 	 0.7717 	 3.2623 	 0.0104 	 76.1300 	 1.0400 	 22.4500 	 0.0000 	 0.3800 	 0.8829 	 0.7366 	 3.1467 	 0.0106
[2025/05/02 01:31:42] - 21 	 91.4 	 	 0.0005 	 0.0591 	 	 0.0267 	 0.9892 	 0.8462 	 	 0.7751 	 3.3116 	 0.0092 	 76.5900 	 0.9200 	 21.9500 	 0.0000 	 0.5400 	 0.9531 	 0.7159 	 3.2230 	 0.0106
[2025/05/02 01:42:14] - 22 	 91.2 	 	 0.0005 	 0.0711 	 	 0.0429 	 0.9808 	 0.9173 	 	 0.7574 	 3.4107 	 0.0053 	 75.2100 	 0.5300 	 23.7200 	 0.0000 	 0.5400 	 1.0123 	 0.7041 	 3.3191 	 0.0054
[2025/05/02 01:53:04] - 23 	 91.2 	 	 0.0005 	 0.0839 	 	 0.0439 	 0.9814 	 0.9125 	 	 0.7595 	 3.3847 	 0.0037 	 75.5800 	 0.3700 	 23.3100 	 0.0000 	 0.7400 	 0.9717 	 0.7135 	 3.3285 	 0.0046
[2025/05/02 02:03:40] - 24 	 91.2 	 	 0.0005 	 0.0853 	 	 0.0511 	 0.9783 	 0.8863 	 	 0.7660 	 3.4005 	 0.0028 	 76.3200 	 0.2800 	 22.9300 	 0.0000 	 0.4700 	 0.9310 	 0.7237 	 3.2663 	 0.0036
[2025/05/02 02:14:17] - 25 	 91.2 	 	 0.0005 	 0.0934 	 	 0.0501 	 0.9768 	 0.9393 	 	 0.7543 	 3.5836 	 0.0023 	 75.2000 	 0.2300 	 23.7700 	 0.0000 	 0.8000 	 1.0061 	 0.7041 	 3.5154 	 0.0029
[2025/05/02 02:24:48] - 26 	 91.3 	 	 0.0005 	 0.0938 	 	 0.0517 	 0.9772 	 0.8836 	 	 0.7640 	 3.3015 	 0.0022 	 76.1800 	 0.2200 	 23.1400 	 0.0000 	 0.4600 	 0.9053 	 0.7268 	 3.2284 	 0.0026
[2025/05/02 02:35:41] - 27 	 91.4 	 	 0.0005 	 0.0864 	 	 0.0602 	 0.9742 	 0.9460 	 	 0.7505 	 3.4557 	 0.0021 	 74.8400 	 0.2100 	 24.2400 	 0.0000 	 0.7100 	 0.9846 	 0.7083 	 3.3699 	 0.0031
[2025/05/02 07:43:11] - Namespace(model='DeiT-Small', batch_size=256, data_dir='./data', epochs=75, lr_schedule='multistep', milestone1=100, milestone2=105, lr_min=0.0, lr_max=0.0005, weight_decay=0.0005, momentum=0.9, seed=0, save_epoch=111, dataset='CIFAR100', epsilon=8, alpha=8, delta_init='random', out_dir='DeiT-AT-out', log='DeiT-AT.log')
[2025/05/02 07:43:13] - Loading pretrained weights from Hugging Face hub (timm/deit_small_patch16_224.fb_in1k)
[2025/05/02 07:43:13] - Loading pretrained weights from Hugging Face hub (timm/deit_small_patch16_224.fb_in1k)
[2025/05/02 07:43:13] - Loading pretrained weights from Hugging Face hub (timm/deit_small_patch16_224.fb_in1k)
[2025/05/02 07:43:13] - Loading pretrained weights from Hugging Face hub (timm/deit_small_patch16_224.fb_in1k)
[2025/05/02 07:43:13] - [timm/deit_small_patch16_224.fb_in1k] Safe alternative available for 'pytorch_model.bin' (as 'model.safetensors'). Loading weights using safetensors.
[2025/05/02 07:43:13] - [timm/deit_small_patch16_224.fb_in1k] Safe alternative available for 'pytorch_model.bin' (as 'model.safetensors'). Loading weights using safetensors.
[2025/05/02 07:43:13] - [timm/deit_small_patch16_224.fb_in1k] Safe alternative available for 'pytorch_model.bin' (as 'model.safetensors'). Loading weights using safetensors.
[2025/05/02 07:43:13] - [timm/deit_small_patch16_224.fb_in1k] Safe alternative available for 'pytorch_model.bin' (as 'model.safetensors'). Loading weights using safetensors.
[2025/05/02 07:43:14] - Epoch 	 Seconds 	 LR 	 Inner Loss 	 Train Loss 	 Train Acc 	 Test Loss 	 Test Acc 	 PGD Loss 	 PGD Acc 	 Case1_pct 	 Case2_pct 	 Case3_pct 	 Case4_pct 	 Case5_pct 	 FGSM Loss 	 FGSM Acc 	 C&W Loss 	 C&W Acc
[2025/05/02 07:54:03] - 28 	 94.4 	 	 0.0005 	 0.0994 	 	 0.0614 	 0.9721 	 1.0233 	 	 0.7399 	 3.8269 	 0.0047 	 73.5200 	 0.4700 	 25.2700 	 0.0000 	 0.7400 	 1.3102 	 0.6334 	 3.7707 	 0.0052
[2025/05/02 08:04:16] - 29 	 92.7 	 	 0.0005 	 0.1550 	 	 0.4207 	 0.8653 	 1.4159 	 	 0.6325 	 3.1483 	 0.0023 	 63.0200 	 0.2300 	 35.4700 	 0.0000 	 1.2800 	 2.5973 	 0.2692 	 3.0294 	 0.0035
[2025/05/02 08:15:08] - 30 	 92.8 	 	 0.0005 	 0.2797 	 	 1.1319 	 0.6453 	 0.9988 	 	 0.7293 	 3.2412 	 0.0040 	 72.5300 	 0.4000 	 26.5900 	 0.0000 	 0.4800 	 1.5910 	 0.5326 	 3.1174 	 0.0059
[2025/05/02 08:25:22] - 31 	 93.3 	 	 0.0005 	 0.1205 	 	 0.4584 	 0.8452 	 0.9846 	 	 0.7342 	 3.3292 	 0.0023 	 73.1900 	 0.2300 	 25.7900 	 0.0000 	 0.7900 	 1.4873 	 0.5460 	 3.1876 	 0.0028
[2025/05/02 08:35:07] - 32 	 93.3 	 	 0.0005 	 0.0884 	 	 0.1943 	 0.9342 	 0.9976 	 	 0.7418 	 3.3196 	 0.0006 	 74.1200 	 0.0600 	 25.3400 	 0.0000 	 0.4800 	 1.0821 	 0.6854 	 3.2139 	 0.0010
[2025/05/02 08:44:54] - 33 	 93.3 	 	 0.0005 	 0.0691 	 	 0.1080 	 0.9617 	 1.0072 	 	 0.7451 	 3.4779 	 0.0008 	 74.4300 	 0.0800 	 24.9800 	 0.0000 	 0.5100 	 1.0836 	 0.6915 	 3.3564 	 0.0011
[2025/05/02 08:55:54] - 34 	 93.1 	 	 0.0005 	 0.0662 	 	 0.2171 	 0.9275 	 1.1534 	 	 0.7008 	 3.6508 	 0.0047 	 69.6100 	 0.4700 	 28.8600 	 0.0000 	 1.0600 	 1.6191 	 0.5217 	 3.5583 	 0.0075
[2025/05/02 09:05:32] - 35 	 93.1 	 	 0.0005 	 0.0812 	 	 0.2492 	 0.9167 	 1.0116 	 	 0.7333 	 3.4290 	 0.0008 	 73.2500 	 0.0800 	 26.1500 	 0.0000 	 0.5200 	 1.1338 	 0.6605 	 3.2993 	 0.0008
[2025/05/02 09:16:03] - 36 	 92.8 	 	 0.0005 	 0.0666 	 	 0.0863 	 0.9704 	 1.0258 	 	 0.7320 	 3.6196 	 0.0022 	 72.9800 	 0.2200 	 26.1600 	 0.0000 	 0.6400 	 1.1573 	 0.6573 	 3.4678 	 0.0026
[2025/05/02 09:26:21] - 37 	 92.5 	 	 0.0005 	 0.0418 	 	 0.0342 	 0.9878 	 0.9817 	 	 0.7438 	 3.3832 	 0.0022 	 74.1600 	 0.2200 	 25.1300 	 0.0000 	 0.4900 	 1.0151 	 0.7014 	 3.2303 	 0.0025
[2025/05/02 09:36:42] - 38 	 92.5 	 	 0.0005 	 0.0359 	 	 0.0124 	 0.9954 	 0.9740 	 	 0.7476 	 3.5006 	 0.0020 	 74.5600 	 0.2000 	 24.6600 	 0.0000 	 0.5800 	 1.0283 	 0.6986 	 3.4093 	 0.0028
[2025/05/02 09:47:09] - 39 	 92.7 	 	 0.0005 	 0.0335 	 	 0.0081 	 0.9963 	 0.9797 	 	 0.7483 	 3.3732 	 0.0021 	 74.6200 	 0.2100 	 24.7300 	 0.0000 	 0.4400 	 0.9923 	 0.7111 	 3.2318 	 0.0028
[2025/05/02 09:57:35] - 40 	 92.1 	 	 0.0005 	 0.0250 	 	 0.0051 	 0.9974 	 0.9880 	 	 0.7485 	 3.5208 	 0.0023 	 74.6200 	 0.2300 	 24.7300 	 0.0000 	 0.4200 	 1.0080 	 0.7147 	 3.3936 	 0.0025
[2025/05/02 10:08:05] - 41 	 92.2 	 	 0.0005 	 0.0328 	 	 0.0057 	 0.9973 	 0.9679 	 	 0.7501 	 3.3562 	 0.0019 	 74.8200 	 0.1900 	 24.5600 	 0.0000 	 0.4300 	 0.9584 	 0.7170 	 3.2265 	 0.0028
[2025/05/02 10:18:38] - 42 	 92.4 	 	 0.0005 	 0.0305 	 	 0.0039 	 0.9987 	 1.0038 	 	 0.7492 	 3.6044 	 0.0024 	 74.6800 	 0.2400 	 24.5900 	 0.0000 	 0.4900 	 1.0204 	 0.7148 	 3.4989 	 0.0030
[2025/05/02 10:29:11] - 43 	 92.3 	 	 0.0005 	 0.0254 	 	 0.0041 	 0.9986 	 0.9882 	 	 0.7506 	 3.6188 	 0.0024 	 74.8200 	 0.2400 	 24.5600 	 0.0000 	 0.3800 	 0.9995 	 0.7150 	 3.5227 	 0.0024
[2025/05/02 10:39:52] - 44 	 92.6 	 	 0.0005 	 0.0312 	 	 0.0041 	 0.9983 	 0.9813 	 	 0.7500 	 3.5494 	 0.0029 	 74.7100 	 0.2900 	 24.6700 	 0.0000 	 0.3300 	 0.9884 	 0.7151 	 3.4625 	 0.0030
[2025/05/02 10:50:25] - 45 	 92.6 	 	 0.0005 	 0.0307 	 	 0.0046 	 0.9980 	 1.0229 	 	 0.7446 	 3.4402 	 0.0032 	 74.1400 	 0.3200 	 24.9900 	 0.0000 	 0.5500 	 1.0190 	 0.7132 	 3.3701 	 0.0035
[2025/05/02 11:00:37] - 46 	 92.3 	 	 0.0005 	 0.0255 	 	 0.0049 	 0.9982 	 0.9900 	 	 0.7502 	 3.4784 	 0.0016 	 74.8600 	 0.1600 	 24.4000 	 0.0000 	 0.5800 	 0.9756 	 0.7233 	 3.3980 	 0.0025
[2025/05/02 11:11:01] - 47 	 92.0 	 	 0.0005 	 0.0295 	 	 0.0038 	 0.9982 	 1.0215 	 	 0.7463 	 3.5350 	 0.0025 	 74.3800 	 0.2500 	 24.9400 	 0.0000 	 0.4300 	 1.0245 	 0.7159 	 3.4551 	 0.0031
[2025/05/02 11:21:33] - 48 	 91.9 	 	 0.0005 	 0.0232 	 	 0.0021 	 0.9991 	 1.0335 	 	 0.7475 	 3.7413 	 0.0019 	 74.5600 	 0.1900 	 24.7400 	 0.0000 	 0.5100 	 1.0496 	 0.7163 	 3.6646 	 0.0030
[2025/05/02 11:31:56] - 49 	 91.6 	 	 0.0005 	 0.0252 	 	 0.0048 	 0.9982 	 1.0449 	 	 0.7420 	 3.7943 	 0.0025 	 73.9500 	 0.2500 	 25.3800 	 0.0000 	 0.4200 	 1.0729 	 0.7029 	 3.6896 	 0.0028
[2025/05/02 11:42:26] - 50 	 91.6 	 	 0.0005 	 0.0415 	 	 0.0085 	 0.9966 	 1.0271 	 	 0.7415 	 3.4420 	 0.0025 	 73.9000 	 0.2500 	 25.4000 	 0.0000 	 0.4500 	 1.0361 	 0.7003 	 3.3746 	 0.0026
[2025/05/02 11:52:48] - 51 	 91.7 	 	 0.0005 	 0.0337 	 	 0.0067 	 0.9975 	 1.1100 	 	 0.7299 	 3.6003 	 0.0022 	 72.7700 	 0.2200 	 26.3900 	 0.0000 	 0.6200 	 1.1164 	 0.6993 	 3.5142 	 0.0029
[2025/05/02 12:03:18] - 52 	 91.4 	 	 0.0005 	 0.0357 	 	 0.0147 	 0.9946 	 1.1117 	 	 0.7255 	 3.9576 	 0.0038 	 72.1700 	 0.3800 	 26.8800 	 0.0000 	 0.5700 	 1.1034 	 0.6969 	 3.9175 	 0.0036
[2025/05/02 12:13:20] - 53 	 91.5 	 	 0.0005 	 0.0500 	 	 0.0225 	 0.9906 	 1.1201 	 	 0.7269 	 3.8790 	 0.0020 	 72.4900 	 0.2000 	 26.7000 	 0.0000 	 0.6100 	 1.1560 	 0.6902 	 3.8327 	 0.0020
[2025/05/02 12:23:48] - 54 	 91.2 	 	 0.0005 	 0.0572 	 	 0.0267 	 0.9885 	 1.0953 	 	 0.7164 	 3.3175 	 0.0026 	 71.3800 	 0.2600 	 27.8500 	 0.0000 	 0.5100 	 1.0984 	 0.6774 	 3.2125 	 0.0028
[2025/05/02 12:33:59] - 55 	 91.4 	 	 0.0005 	 0.0654 	 	 0.0324 	 0.9862 	 1.1485 	 	 0.7115 	 3.3568 	 0.0023 	 70.9200 	 0.2300 	 28.2100 	 0.0000 	 0.6400 	 1.1323 	 0.6806 	 3.2604 	 0.0020
[2025/05/02 12:44:05] - 56 	 91.2 	 	 0.0005 	 0.0620 	 	 0.0381 	 0.9835 	 1.1674 	 	 0.7133 	 4.0286 	 0.0024 	 71.0900 	 0.2400 	 28.0400 	 0.0000 	 0.6300 	 1.1755 	 0.6762 	 3.9752 	 0.0016
