[2025/04/22 12:40:57] - Namespace(model='ResNet18', batch_size=512, data_dir='./data', epochs=110, lr_schedule='multistep', milestone1=100, milestone2=105, lr_min=0.0, lr_max=0.1, weight_decay=0.0005, momentum=0.9, seed=0, save_epoch=1, inner_gamma=0.15, outer_gamma=0.15, beta=0.6, lamda=0.65, batch_m=0.75, epsilon=8, alpha=8, delta_init='random', out_dir='TDAT_CIFAR100', log='CIFAR100.log')
[2025/04/22 12:42:03] - Epoch 	 Seconds 	 LR 	 Inner Loss 	 Train Loss 	 Train Acc 	 Test Loss 	 Test Acc 	 PGD Loss 	 PGD Acc 	 FGSM Loss 	 FGSM Acc 	 C&W Loss 	 C&W Acc
[2025/04/22 12:45:43] - 0 	 81.0 	 	 0.1000 	 7.5322 	 	 4.5995 	 0.0343 	 4.3067 	 	 0.0630 	 4.3169 	 0.0460 	 4.3155 	 0.0502 	 4.3123 	 0.0367
[2025/04/22 12:49:40] - 1 	 93.8 	 	 0.1000 	 8.2603 	 	 4.4312 	 0.0563 	 4.1787 	 	 0.0714 	 4.1921 	 0.0543 	 4.1901 	 0.0582 	 4.1862 	 0.0439
[2025/04/22 12:53:32] - 2 	 92.2 	 	 0.1000 	 9.0477 	 	 4.3710 	 0.0731 	 4.0637 	 	 0.1062 	 4.0845 	 0.0783 	 4.0814 	 0.0837 	 4.0753 	 0.0632
[2025/04/22 12:57:18] - 3 	 86.0 	 	 0.1000 	 9.8413 	 	 4.3279 	 0.0862 	 4.0123 	 	 0.1126 	 4.0390 	 0.0828 	 4.0345 	 0.0903 	 4.0289 	 0.0650
[2025/04/22 13:01:04] - 4 	 85.8 	 	 0.1000 	 10.6264 	 	 4.2932 	 0.0977 	 3.9357 	 	 0.1383 	 3.9707 	 0.1000 	 3.9652 	 0.1105 	 3.9579 	 0.0818
[2025/04/22 13:04:50] - 5 	 85.9 	 	 0.1000 	 11.3994 	 	 4.2649 	 0.1084 	 3.8629 	 	 0.1586 	 3.9040 	 0.1093 	 3.8981 	 0.1223 	 3.8891 	 0.0878
[2025/04/22 13:08:37] - 6 	 86.5 	 	 0.1000 	 12.1528 	 	 4.2393 	 0.1219 	 3.8046 	 	 0.1750 	 3.8536 	 0.1193 	 3.8469 	 0.1337 	 3.8355 	 0.0977
[2025/04/22 13:12:23] - 7 	 86.4 	 	 0.1000 	 12.8987 	 	 4.2158 	 0.1323 	 3.7558 	 	 0.1842 	 3.8106 	 0.1242 	 3.8036 	 0.1381 	 3.7925 	 0.1026
[2025/04/22 13:16:09] - 8 	 86.3 	 	 0.1000 	 13.6253 	 	 4.1957 	 0.1440 	 3.6604 	 	 0.1980 	 3.7230 	 0.1235 	 3.7151 	 0.1439 	 3.7019 	 0.1026
[2025/04/22 13:20:03] - 9 	 92.7 	 	 0.1000 	 14.3424 	 	 4.1854 	 0.1503 	 3.6811 	 	 0.2078 	 3.7481 	 0.1361 	 3.7391 	 0.1541 	 3.7256 	 0.1112
[2025/04/22 13:23:49] - 10 	 86.4 	 	 0.1000 	 15.0420 	 	 4.1677 	 0.1629 	 3.6258 	 	 0.2250 	 3.7038 	 0.1479 	 3.6933 	 0.1651 	 3.6794 	 0.1214
[2025/04/22 13:27:43] - 11 	 86.5 	 	 0.1000 	 15.7268 	 	 4.1554 	 0.1719 	 3.6031 	 	 0.2379 	 3.6882 	 0.1536 	 3.6765 	 0.1739 	 3.6628 	 0.1252
[2025/04/22 13:31:44] - 12 	 89.8 	 	 0.1000 	 16.3915 	 	 4.1459 	 0.1837 	 3.5547 	 	 0.2541 	 3.6485 	 0.1653 	 3.6353 	 0.1872 	 3.6198 	 0.1370
[2025/04/22 13:35:51] - 13 	 89.5 	 	 0.1000 	 17.0472 	 	 4.1366 	 0.1903 	 3.5375 	 	 0.2633 	 3.6342 	 0.1713 	 3.6204 	 0.1945 	 3.6045 	 0.1450
[2025/04/22 13:39:46] - 14 	 91.1 	 	 0.1000 	 17.6866 	 	 4.1309 	 0.1990 	 3.5100 	 	 0.2638 	 3.6102 	 0.1657 	 3.5976 	 0.1887 	 3.5819 	 0.1393
[2025/04/22 13:43:39] - 15 	 88.4 	 	 0.1000 	 18.3107 	 	 4.1236 	 0.2077 	 3.5103 	 	 0.2783 	 3.6141 	 0.1819 	 3.5999 	 0.2041 	 3.5830 	 0.1483
[2025/04/22 13:47:32] - 16 	 89.8 	 	 0.1000 	 18.9192 	 	 4.1215 	 0.2152 	 3.4738 	 	 0.2930 	 3.5901 	 0.1875 	 3.5735 	 0.2136 	 3.5552 	 0.1535
[2025/04/22 13:51:24] - 17 	 90.3 	 	 0.1000 	 19.5213 	 	 4.1174 	 0.2233 	 3.4890 	 	 0.2894 	 3.6028 	 0.1839 	 3.5876 	 0.2104 	 3.5701 	 0.1548
[2025/04/22 13:55:18] - 18 	 88.9 	 	 0.1000 	 20.1030 	 	 4.1173 	 0.2311 	 3.4155 	 	 0.3058 	 3.5458 	 0.1902 	 3.5283 	 0.2204 	 3.5089 	 0.1574
[2025/04/22 13:59:08] - 19 	 87.3 	 	 0.1000 	 20.6808 	 	 4.1132 	 0.2394 	 3.4175 	 	 0.3163 	 3.5454 	 0.1911 	 3.5295 	 0.2220 	 3.5090 	 0.1612
[2025/04/22 14:02:58] - 20 	 86.8 	 	 0.1000 	 21.2419 	 	 4.1111 	 0.2493 	 3.3323 	 	 0.3257 	 3.4727 	 0.2077 	 3.4523 	 0.2369 	 3.4327 	 0.1744
[2025/04/22 14:06:55] - 21 	 92.8 	 	 0.1000 	 21.7940 	 	 4.1114 	 0.2543 	 3.3821 	 	 0.3219 	 3.5181 	 0.2020 	 3.4996 	 0.2323 	 3.4793 	 0.1709
[2025/04/22 14:10:44] - 22 	 87.3 	 	 0.1000 	 22.3364 	 	 4.1153 	 0.2627 	 3.3681 	 	 0.3432 	 3.5168 	 0.2154 	 3.4961 	 0.2492 	 3.4753 	 0.1790
[2025/04/22 14:14:32] - 23 	 87.3 	 	 0.1000 	 22.8615 	 	 4.1160 	 0.2671 	 3.3203 	 	 0.3321 	 3.4678 	 0.2041 	 3.4472 	 0.2383 	 3.4264 	 0.1714
[2025/04/22 14:18:21] - 24 	 87.2 	 	 0.1000 	 23.3835 	 	 4.1170 	 0.2771 	 3.3365 	 	 0.3446 	 3.4884 	 0.2175 	 3.4670 	 0.2526 	 3.4472 	 0.1821
[2025/04/22 14:22:11] - 25 	 87.2 	 	 0.1000 	 23.8885 	 	 4.1228 	 0.2811 	 3.3607 	 	 0.3450 	 3.5196 	 0.2074 	 3.4999 	 0.2415 	 3.4767 	 0.1750
[2025/04/22 14:26:14] - 26 	 91.7 	 	 0.1000 	 24.3927 	 	 4.1244 	 0.2892 	 3.3338 	 	 0.3518 	 3.4926 	 0.2192 	 3.4711 	 0.2533 	 3.4510 	 0.1862
[2025/04/22 14:30:19] - 27 	 91.5 	 	 0.1000 	 24.8817 	 	 4.1288 	 0.2983 	 3.3044 	 	 0.3602 	 3.4801 	 0.2101 	 3.4583 	 0.2462 	 3.4332 	 0.1752
[2025/04/22 14:34:23] - 28 	 93.8 	 	 0.1000 	 25.3680 	 	 4.1318 	 0.3025 	 3.3053 	 	 0.3754 	 3.4796 	 0.2329 	 3.4548 	 0.2706 	 3.4329 	 0.1957
[2025/04/22 14:38:13] - 29 	 90.5 	 	 0.1000 	 25.8325 	 	 4.1372 	 0.3105 	 3.2929 	 	 0.3679 	 3.4657 	 0.2243 	 3.4425 	 0.2618 	 3.4201 	 0.1887
[2025/04/22 14:42:03] - 30 	 86.6 	 	 0.1000 	 26.3034 	 	 4.1414 	 0.3161 	 3.3018 	 	 0.3815 	 3.4790 	 0.2298 	 3.4563 	 0.2678 	 3.4313 	 0.1927
[2025/04/22 14:46:04] - 31 	 88.8 	 	 0.1000 	 26.7588 	 	 4.1457 	 0.3226 	 3.3379 	 	 0.3798 	 3.5095 	 0.2331 	 3.4865 	 0.2687 	 3.4620 	 0.1936
[2025/04/22 14:50:01] - 32 	 88.9 	 	 0.1000 	 27.2067 	 	 4.1527 	 0.3278 	 3.2680 	 	 0.3929 	 3.4541 	 0.2349 	 3.4306 	 0.2743 	 3.4028 	 0.1969
[2025/04/22 14:53:51] - 33 	 90.0 	 	 0.1000 	 27.6495 	 	 4.1588 	 0.3345 	 3.3127 	 	 0.3853 	 3.4950 	 0.2349 	 3.4698 	 0.2719 	 3.4475 	 0.1981
[2025/04/22 14:57:40] - 34 	 87.1 	 	 0.1000 	 28.0862 	 	 4.1629 	 0.3393 	 3.3118 	 	 0.3902 	 3.5077 	 0.2400 	 3.4797 	 0.2802 	 3.4580 	 0.2006
[2025/04/22 15:01:37] - 35 	 89.5 	 	 0.1000 	 28.5125 	 	 4.1682 	 0.3472 	 3.2776 	 	 0.4090 	 3.4772 	 0.2456 	 3.4493 	 0.2905 	 3.4256 	 0.2066
[2025/04/22 15:05:36] - 36 	 93.3 	 	 0.1000 	 28.9351 	 	 4.1733 	 0.3523 	 3.2714 	 	 0.4014 	 3.4686 	 0.2336 	 3.4429 	 0.2778 	 3.4168 	 0.1944
[2025/04/22 15:09:33] - 37 	 93.4 	 	 0.1000 	 29.3479 	 	 4.1818 	 0.3577 	 3.3161 	 	 0.3993 	 3.5076 	 0.2395 	 3.4810 	 0.2813 	 3.4587 	 0.2034
[2025/04/22 15:13:24] - 38 	 87.3 	 	 0.1000 	 29.7559 	 	 4.1888 	 0.3635 	 3.2604 	 	 0.4149 	 3.4606 	 0.2519 	 3.4333 	 0.2906 	 3.4083 	 0.2093
[2025/04/22 15:17:12] - 39 	 87.3 	 	 0.1000 	 30.1613 	 	 4.1941 	 0.3677 	 3.2706 	 	 0.4187 	 3.4836 	 0.2511 	 3.4527 	 0.2975 	 3.4304 	 0.2108
[2025/04/22 15:21:08] - 40 	 89.3 	 	 0.1000 	 30.5599 	 	 4.1993 	 0.3768 	 3.2679 	 	 0.4269 	 3.4840 	 0.2500 	 3.4543 	 0.2969 	 3.4294 	 0.2100
[2025/04/22 15:25:05] - 41 	 91.9 	 	 0.1000 	 30.9467 	 	 4.2061 	 0.3805 	 3.2282 	 	 0.4259 	 3.4488 	 0.2443 	 3.4189 	 0.2938 	 3.3926 	 0.2091
[2025/04/22 15:29:24] - 42 	 112.8 	 	 0.1000 	 31.3369 	 	 4.2143 	 0.3826 	 3.2844 	 	 0.4168 	 3.4875 	 0.2488 	 3.4579 	 0.2926 	 3.4342 	 0.2119
[2025/04/22 15:33:25] - 43 	 89.9 	 	 0.1000 	 31.7148 	 	 4.2204 	 0.3900 	 3.3086 	 	 0.4294 	 3.5208 	 0.2525 	 3.4900 	 0.3013 	 3.4681 	 0.2137
[2025/04/22 15:37:18] - 44 	 87.1 	 	 0.1000 	 32.0936 	 	 4.2261 	 0.3941 	 3.2624 	 	 0.4277 	 3.4854 	 0.2531 	 3.4506 	 0.3037 	 3.4294 	 0.2110
[2025/04/22 15:41:11] - 45 	 88.0 	 	 0.1000 	 32.4657 	 	 4.2335 	 0.3999 	 3.2794 	 	 0.4344 	 3.4971 	 0.2568 	 3.4652 	 0.3080 	 3.4417 	 0.2173
[2025/04/22 15:45:14] - 46 	 95.5 	 	 0.1000 	 32.8314 	 	 4.2399 	 0.4047 	 3.3503 	 	 0.4230 	 3.5614 	 0.2486 	 3.5311 	 0.2954 	 3.5105 	 0.2101
[2025/04/22 15:49:06] - 47 	 87.7 	 	 0.1000 	 33.1878 	 	 4.2480 	 0.4099 	 3.3394 	 	 0.4353 	 3.5582 	 0.2496 	 3.5282 	 0.2991 	 3.5054 	 0.2090
[2025/04/22 15:52:58] - 48 	 88.0 	 	 0.1000 	 33.5452 	 	 4.2562 	 0.4151 	 3.2832 	 	 0.4356 	 3.5101 	 0.2566 	 3.4765 	 0.3098 	 3.4546 	 0.2138
[2025/04/22 15:56:52] - 49 	 86.8 	 	 0.1000 	 33.8933 	 	 4.2619 	 0.4213 	 3.2739 	 	 0.4421 	 3.5003 	 0.2606 	 3.4643 	 0.3146 	 3.4428 	 0.2172
[2025/04/22 16:00:47] - 50 	 91.1 	 	 0.1000 	 34.2529 	 	 4.2677 	 0.4260 	 3.2782 	 	 0.4476 	 3.5120 	 0.2601 	 3.4759 	 0.3129 	 3.4540 	 0.2182
[2025/04/22 16:04:43] - 51 	 87.5 	 	 0.1000 	 34.5910 	 	 4.2762 	 0.4291 	 3.3552 	 	 0.4414 	 3.5805 	 0.2603 	 3.5452 	 0.3095 	 3.5286 	 0.2181
[2025/04/22 16:08:30] - 52 	 87.3 	 	 0.1000 	 34.9346 	 	 4.2816 	 0.4366 	 3.3289 	 	 0.4508 	 3.5625 	 0.2608 	 3.5246 	 0.3145 	 3.5058 	 0.2170
[2025/04/22 16:12:17] - 53 	 86.8 	 	 0.1000 	 35.2635 	 	 4.2915 	 0.4387 	 3.3367 	 	 0.4390 	 3.5649 	 0.2554 	 3.5290 	 0.3098 	 3.5099 	 0.2176
[2025/04/22 16:16:03] - 54 	 86.0 	 	 0.1000 	 35.5997 	 	 4.2957 	 0.4455 	 3.3509 	 	 0.4485 	 3.5775 	 0.2570 	 3.5437 	 0.3115 	 3.5232 	 0.2158
[2025/04/22 16:19:50] - 55 	 86.7 	 	 0.1000 	 35.9241 	 	 4.3064 	 0.4477 	 3.3792 	 	 0.4411 	 3.5964 	 0.2631 	 3.5573 	 0.3148 	 3.5453 	 0.2218
[2025/04/22 16:23:37] - 56 	 86.7 	 	 0.1000 	 36.2535 	 	 4.3101 	 0.4529 	 3.3718 	 	 0.4521 	 3.6125 	 0.2589 	 3.5701 	 0.3193 	 3.5582 	 0.2144
[2025/04/22 16:27:15] - 57 	 83.2 	 	 0.1000 	 36.5853 	 	 4.3129 	 0.4649 	 3.3113 	 	 0.4433 	 3.5513 	 0.2502 	 3.5003 	 0.3150 	 3.4949 	 0.2131
[2025/04/22 16:30:55] - 58 	 83.2 	 	 0.1000 	 36.9203 	 	 4.3120 	 0.4745 	 3.3287 	 	 0.4550 	 3.5870 	 0.2414 	 3.5222 	 0.3164 	 3.5287 	 0.2024
[2025/04/22 16:34:33] - 59 	 83.2 	 	 0.1000 	 37.2866 	 	 4.2982 	 0.4976 	 3.2769 	 	 0.4669 	 3.6089 	 0.2188 	 3.5014 	 0.3318 	 3.5337 	 0.1789
[2025/04/22 16:38:13] - 60 	 83.3 	 	 0.1000 	 37.6905 	 	 4.2706 	 0.5369 	 3.1029 	 	 0.4964 	 3.4723 	 0.2228 	 3.2645 	 0.3955 	 3.3760 	 0.1796
[2025/04/22 16:42:02] - 61 	 93.6 	 	 0.1000 	 38.1581 	 	 4.2326 	 0.5891 	 3.0195 	 	 0.5080 	 3.4510 	 0.2077 	 3.1473 	 0.4341 	 3.3403 	 0.1679
[2025/04/22 16:45:47] - 62 	 83.5 	 	 0.1000 	 38.5707 	 	 4.2181 	 0.6215 	 2.9215 	 	 0.5375 	 3.4125 	 0.2033 	 3.0493 	 0.4665 	 3.2923 	 0.1583
[2025/04/22 16:49:29] - 63 	 83.6 	 	 0.1000 	 38.9002 	 	 4.2194 	 0.6402 	 2.9906 	 	 0.5177 	 3.4385 	 0.1873 	 3.0285 	 0.4767 	 3.3118 	 0.1471
[2025/04/22 16:53:10] - 64 	 84.6 	 	 0.1000 	 39.1961 	 	 4.2238 	 0.6591 	 3.0563 	 	 0.5136 	 3.4918 	 0.1741 	 3.0652 	 0.4833 	 3.3688 	 0.1361
[2025/04/22 16:56:51] - 65 	 85.4 	 	 0.1000 	 39.4920 	 	 4.2309 	 0.6731 	 2.9220 	 	 0.5559 	 3.4878 	 0.1725 	 3.0057 	 0.5097 	 3.3538 	 0.1348
[2025/04/22 17:00:33] - 66 	 83.6 	 	 0.1000 	 39.7717 	 	 4.2397 	 0.6861 	 2.9849 	 	 0.5422 	 3.4834 	 0.1889 	 3.0631 	 0.4874 	 3.3533 	 0.1510
[2025/04/22 17:04:20] - 67 	 86.8 	 	 0.1000 	 40.0441 	 	 4.2503 	 0.6932 	 3.0311 	 	 0.5419 	 3.5280 	 0.1778 	 3.0823 	 0.4996 	 3.3997 	 0.1396
[2025/04/22 17:08:08] - 68 	 87.0 	 	 0.1000 	 40.3253 	 	 4.2585 	 0.7054 	 3.0615 	 	 0.5393 	 3.5025 	 0.1958 	 3.0575 	 0.5012 	 3.3679 	 0.1552
[2025/04/22 17:11:54] - 69 	 86.8 	 	 0.1000 	 40.6024 	 	 4.2687 	 0.7138 	 3.0811 	 	 0.5411 	 3.5420 	 0.1759 	 3.1402 	 0.4792 	 3.4135 	 0.1376
[2025/04/22 17:15:41] - 70 	 86.8 	 	 0.1000 	 40.8782 	 	 4.2781 	 0.7226 	 3.1792 	 	 0.5253 	 3.5854 	 0.1841 	 3.1764 	 0.4905 	 3.4643 	 0.1432
[2025/04/22 17:19:28] - 71 	 87.1 	 	 0.1000 	 41.1491 	 	 4.2886 	 0.7335 	 3.0803 	 	 0.5588 	 3.5991 	 0.1767 	 3.1586 	 0.4960 	 3.4736 	 0.1390
[2025/04/22 17:23:16] - 72 	 87.1 	 	 0.1000 	 41.4261 	 	 4.2976 	 0.7421 	 3.0970 	 	 0.5519 	 3.5827 	 0.1835 	 3.2080 	 0.4706 	 3.4560 	 0.1443
[2025/04/22 17:27:03] - 73 	 87.0 	 	 0.1000 	 41.6856 	 	 4.3105 	 0.7452 	 3.1385 	 	 0.5392 	 3.6006 	 0.1808 	 3.1815 	 0.4933 	 3.4786 	 0.1400
[2025/04/22 17:30:50] - 74 	 87.1 	 	 0.1000 	 41.9588 	 	 4.3195 	 0.7560 	 3.2247 	 	 0.5302 	 3.6534 	 0.1783 	 3.2538 	 0.4868 	 3.5383 	 0.1390
[2025/04/22 17:34:39] - 75 	 87.5 	 	 0.1000 	 42.2213 	 	 4.3315 	 0.7604 	 3.2328 	 	 0.5356 	 3.6546 	 0.1953 	 3.2715 	 0.4884 	 3.5423 	 0.1534
[2025/04/22 17:38:26] - 76 	 86.2 	 	 0.1000 	 42.4881 	 	 4.3409 	 0.7696 	 3.1943 	 	 0.5508 	 3.6896 	 0.1639 	 3.2104 	 0.5110 	 3.5609 	 0.1296
[2025/04/22 17:42:13] - 77 	 86.8 	 	 0.1000 	 42.7541 	 	 4.3500 	 0.7777 	 3.1572 	 	 0.5623 	 3.6572 	 0.1867 	 3.2906 	 0.4783 	 3.5390 	 0.1479
[2025/04/22 17:45:59] - 78 	 86.1 	 	 0.1000 	 43.0085 	 	 4.3625 	 0.7810 	 3.3092 	 	 0.5465 	 3.7624 	 0.1661 	 3.3562 	 0.4908 	 3.6448 	 0.1310
[2025/04/22 17:49:46] - 79 	 86.3 	 	 0.1000 	 43.2726 	 	 4.3709 	 0.7907 	 3.2090 	 	 0.5531 	 3.6893 	 0.1977 	 3.2705 	 0.5082 	 3.5759 	 0.1570
[2025/04/22 17:53:33] - 80 	 86.2 	 	 0.1000 	 43.5264 	 	 4.3824 	 0.7962 	 3.2638 	 	 0.5621 	 3.7077 	 0.2002 	 3.3089 	 0.5114 	 3.5963 	 0.1620
[2025/04/22 17:57:19] - 81 	 86.4 	 	 0.1000 	 43.7817 	 	 4.3931 	 0.7996 	 3.2194 	 	 0.5657 	 3.7469 	 0.1761 	 3.3437 	 0.4892 	 3.6309 	 0.1384
[2025/04/22 18:01:07] - 82 	 86.3 	 	 0.1000 	 44.0319 	 	 4.4035 	 0.8065 	 3.3784 	 	 0.5305 	 3.7956 	 0.1708 	 3.4264 	 0.4752 	 3.6908 	 0.1357
[2025/04/22 18:04:53] - 83 	 86.1 	 	 0.1000 	 44.2890 	 	 4.4127 	 0.8132 	 3.2902 	 	 0.5658 	 3.7555 	 0.1932 	 3.3559 	 0.5024 	 3.6472 	 0.1583
[2025/04/22 18:08:39] - 84 	 86.0 	 	 0.1000 	 44.2860 	 	 4.4157 	 0.8115 	 3.2373 	 	 0.5829 	 3.8031 	 0.1569 	 3.3886 	 0.4975 	 3.6812 	 0.1184
[2025/04/22 18:12:27] - 85 	 86.8 	 	 0.1000 	 44.3189 	 	 4.4056 	 0.8244 	 3.2564 	 	 0.5718 	 3.8516 	 0.1345 	 3.4829 	 0.4547 	 3.7321 	 0.0998
[2025/04/22 18:16:13] - 86 	 86.3 	 	 0.1000 	 44.3241 	 	 4.4068 	 0.8252 	 3.2635 	 	 0.5607 	 3.8335 	 0.1345 	 3.3927 	 0.4896 	 3.7129 	 0.1030
[2025/04/22 18:20:00] - 87 	 86.3 	 	 0.1000 	 44.3204 	 	 4.4078 	 0.8222 	 3.2677 	 	 0.5708 	 3.8106 	 0.1687 	 3.4568 	 0.4596 	 3.7042 	 0.1345
[2025/04/22 18:23:47] - 88 	 86.4 	 	 0.1000 	 44.3142 	 	 4.4097 	 0.8204 	 3.2958 	 	 0.5537 	 3.8482 	 0.1473 	 3.4333 	 0.4826 	 3.7423 	 0.1177
[2025/04/22 18:27:34] - 89 	 86.7 	 	 0.1000 	 44.3020 	 	 4.4111 	 0.8202 	 3.2276 	 	 0.5695 	 3.8151 	 0.1388 	 3.4090 	 0.4785 	 3.6990 	 0.1088
[2025/04/22 18:31:21] - 90 	 86.2 	 	 0.1000 	 44.3184 	 	 4.4091 	 0.8204 	 3.3037 	 	 0.5589 	 3.8503 	 0.1532 	 3.4645 	 0.4633 	 3.7379 	 0.1220
[2025/04/22 18:35:08] - 91 	 86.5 	 	 0.1000 	 44.2925 	 	 4.4137 	 0.8151 	 3.2908 	 	 0.5635 	 3.8216 	 0.1566 	 3.4880 	 0.4471 	 3.7088 	 0.1229
[2025/04/22 18:38:54] - 92 	 86.2 	 	 0.1000 	 44.3074 	 	 4.4098 	 0.8220 	 3.3921 	 	 0.5258 	 3.8801 	 0.1337 	 3.5141 	 0.4506 	 3.7731 	 0.1008
[2025/04/22 18:42:39] - 93 	 85.9 	 	 0.1000 	 44.3097 	 	 4.4110 	 0.8185 	 3.3326 	 	 0.5610 	 3.8695 	 0.1441 	 3.4878 	 0.4697 	 3.7589 	 0.1073
[2025/04/22 18:46:24] - 94 	 85.8 	 	 0.1000 	 44.3025 	 	 4.4117 	 0.8192 	 3.2616 	 	 0.5640 	 3.8210 	 0.1539 	 3.4125 	 0.4828 	 3.7058 	 0.1206
[2025/04/22 18:50:09] - 95 	 85.9 	 	 0.1000 	 44.3029 	 	 4.4110 	 0.8219 	 3.2774 	 	 0.5643 	 3.8334 	 0.1581 	 3.5414 	 0.4146 	 3.7251 	 0.1258
[2025/04/22 18:53:55] - 96 	 85.9 	 	 0.1000 	 44.2953 	 	 4.4137 	 0.8149 	 3.2960 	 	 0.5649 	 3.8462 	 0.1368 	 3.5352 	 0.4200 	 3.7324 	 0.1061
[2025/04/22 18:57:41] - 97 	 86.0 	 	 0.1000 	 44.3056 	 	 4.4112 	 0.8213 	 3.2270 	 	 0.5722 	 3.8079 	 0.1612 	 3.4156 	 0.4852 	 3.7000 	 0.1280
[2025/04/22 19:01:28] - 98 	 86.4 	 	 0.1000 	 44.3054 	 	 4.4119 	 0.8186 	 3.2599 	 	 0.5676 	 3.7878 	 0.1865 	 3.4271 	 0.4773 	 3.6852 	 0.1491
[2025/04/22 19:05:14] - 99 	 86.4 	 	 0.1000 	 44.2925 	 	 4.4148 	 0.8166 	 3.2858 	 	 0.5657 	 3.8341 	 0.1615 	 3.4881 	 0.4598 	 3.7282 	 0.1253
[2025/04/22 19:09:01] - 100 	 86.5 	 	 0.1000 	 44.2973 	 	 4.4120 	 0.8208 	 3.3321 	 	 0.5471 	 3.8341 	 0.1602 	 3.4773 	 0.4588 	 3.7306 	 0.1267
[2025/04/22 19:12:47] - 101 	 86.0 	 	 0.0100 	 44.3435 	 	 4.3899 	 0.8806 	 3.1631 	 	 0.6366 	 3.7811 	 0.2130 	 3.3432 	 0.5381 	 3.6660 	 0.1716
[2025/04/22 19:16:34] - 102 	 86.5 	 	 0.0100 	 44.3827 	 	 4.3783 	 0.9076 	 3.1721 	 	 0.6404 	 3.7893 	 0.2147 	 3.3521 	 0.5454 	 3.6776 	 0.1742
[2025/04/22 19:20:19] - 103 	 85.8 	 	 0.0100 	 44.4019 	 	 4.3741 	 0.9178 	 3.1843 	 	 0.6350 	 3.7973 	 0.2173 	 3.3509 	 0.5474 	 3.6890 	 0.1804
[2025/04/22 19:24:04] - 104 	 85.7 	 	 0.0100 	 44.4137 	 	 4.3718 	 0.9237 	 3.1854 	 	 0.6388 	 3.8017 	 0.2209 	 3.3704 	 0.5426 	 3.6954 	 0.1803
[2025/04/22 19:27:50] - 105 	 86.4 	 	 0.0100 	 44.4262 	 	 4.3693 	 0.9294 	 3.1839 	 	 0.6359 	 3.8032 	 0.2203 	 3.3808 	 0.5335 	 3.6987 	 0.1828
[2025/04/22 19:31:36] - 106 	 85.7 	 	 0.0010 	 44.4344 	 	 4.3669 	 0.9339 	 3.1923 	 	 0.6383 	 3.8109 	 0.2227 	 3.3738 	 0.5436 	 3.7060 	 0.1842
[2025/04/22 19:35:22] - 107 	 86.1 	 	 0.0010 	 44.4364 	 	 4.3659 	 0.9363 	 3.1911 	 	 0.6379 	 3.8085 	 0.2227 	 3.3821 	 0.5387 	 3.7034 	 0.1843
[2025/04/22 19:39:08] - 108 	 85.9 	 	 0.0010 	 44.4368 	 	 4.3657 	 0.9368 	 3.1900 	 	 0.6399 	 3.8103 	 0.2232 	 3.3776 	 0.5400 	 3.7041 	 0.1847
[2025/04/22 19:42:54] - 109 	 86.2 	 	 0.0010 	 44.4366 	 	 4.3652 	 0.9380 	 3.1965 	 	 0.6373 	 3.8141 	 0.2226 	 3.3837 	 0.5416 	 3.7094 	 0.1837
[2025/04/22 19:42:54] - [0.063, 0.0714, 0.1062, 0.1126, 0.1383, 0.1586, 0.175, 0.1842, 0.198, 0.2078, 0.225, 0.2379, 0.2541, 0.2633, 0.2638, 0.2783, 0.293, 0.2894, 0.3058, 0.3163, 0.3257, 0.3219, 0.3432, 0.3321, 0.3446, 0.345, 0.3518, 0.3602, 0.3754, 0.3679, 0.3815, 0.3798, 0.3929, 0.3853, 0.3902, 0.409, 0.4014, 0.3993, 0.4149, 0.4187, 0.4269, 0.4259, 0.4168, 0.4294, 0.4277, 0.4344, 0.423, 0.4353, 0.4356, 0.4421, 0.4476, 0.4414, 0.4508, 0.439, 0.4485, 0.4411, 0.4521, 0.4433, 0.455, 0.4669, 0.4964, 0.508, 0.5375, 0.5177, 0.5136, 0.5559, 0.5422, 0.5419, 0.5393, 0.5411, 0.5253, 0.5588, 0.5519, 0.5392, 0.5302, 0.5356, 0.5508, 0.5623, 0.5465, 0.5531, 0.5621, 0.5657, 0.5305, 0.5658, 0.5829, 0.5718, 0.5607, 0.5708, 0.5537, 0.5695, 0.5589, 0.5635, 0.5258, 0.561, 0.564, 0.5643, 0.5649, 0.5722, 0.5676, 0.5657, 0.5471, 0.6366, 0.6404, 0.635, 0.6388, 0.6359, 0.6383, 0.6379, 0.6399, 0.6373]
[2025/04/22 19:42:54] - [0.046, 0.0543, 0.0783, 0.0828, 0.1, 0.1093, 0.1193, 0.1242, 0.1235, 0.1361, 0.1479, 0.1536, 0.1653, 0.1713, 0.1657, 0.1819, 0.1875, 0.1839, 0.1902, 0.1911, 0.2077, 0.202, 0.2154, 0.2041, 0.2175, 0.2074, 0.2192, 0.2101, 0.2329, 0.2243, 0.2298, 0.2331, 0.2349, 0.2349, 0.24, 0.2456, 0.2336, 0.2395, 0.2519, 0.2511, 0.25, 0.2443, 0.2488, 0.2525, 0.2531, 0.2568, 0.2486, 0.2496, 0.2566, 0.2606, 0.2601, 0.2603, 0.2608, 0.2554, 0.257, 0.2631, 0.2589, 0.2502, 0.2414, 0.2188, 0.2228, 0.2077, 0.2033, 0.1873, 0.1741, 0.1725, 0.1889, 0.1778, 0.1958, 0.1759, 0.1841, 0.1767, 0.1835, 0.1808, 0.1783, 0.1953, 0.1639, 0.1867, 0.1661, 0.1977, 0.2002, 0.1761, 0.1708, 0.1932, 0.1569, 0.1345, 0.1345, 0.1687, 0.1473, 0.1388, 0.1532, 0.1566, 0.1337, 0.1441, 0.1539, 0.1581, 0.1368, 0.1612, 0.1865, 0.1615, 0.1602, 0.213, 0.2147, 0.2173, 0.2209, 0.2203, 0.2227, 0.2227, 0.2232, 0.2226]
[2025/04/22 19:42:54] - [0.0502, 0.0582, 0.0837, 0.0903, 0.1105, 0.1223, 0.1337, 0.1381, 0.1439, 0.1541, 0.1651, 0.1739, 0.1872, 0.1945, 0.1887, 0.2041, 0.2136, 0.2104, 0.2204, 0.222, 0.2369, 0.2323, 0.2492, 0.2383, 0.2526, 0.2415, 0.2533, 0.2462, 0.2706, 0.2618, 0.2678, 0.2687, 0.2743, 0.2719, 0.2802, 0.2905, 0.2778, 0.2813, 0.2906, 0.2975, 0.2969, 0.2938, 0.2926, 0.3013, 0.3037, 0.308, 0.2954, 0.2991, 0.3098, 0.3146, 0.3129, 0.3095, 0.3145, 0.3098, 0.3115, 0.3148, 0.3193, 0.315, 0.3164, 0.3318, 0.3955, 0.4341, 0.4665, 0.4767, 0.4833, 0.5097, 0.4874, 0.4996, 0.5012, 0.4792, 0.4905, 0.496, 0.4706, 0.4933, 0.4868, 0.4884, 0.511, 0.4783, 0.4908, 0.5082, 0.5114, 0.4892, 0.4752, 0.5024, 0.4975, 0.4547, 0.4896, 0.4596, 0.4826, 0.4785, 0.4633, 0.4471, 0.4506, 0.4697, 0.4828, 0.4146, 0.42, 0.4852, 0.4773, 0.4598, 0.4588, 0.5381, 0.5454, 0.5474, 0.5426, 0.5335, 0.5436, 0.5387, 0.54, 0.5416]
[2025/04/22 19:42:54] - [0.0367, 0.0439, 0.0632, 0.065, 0.0818, 0.0878, 0.0977, 0.1026, 0.1026, 0.1112, 0.1214, 0.1252, 0.137, 0.145, 0.1393, 0.1483, 0.1535, 0.1548, 0.1574, 0.1612, 0.1744, 0.1709, 0.179, 0.1714, 0.1821, 0.175, 0.1862, 0.1752, 0.1957, 0.1887, 0.1927, 0.1936, 0.1969, 0.1981, 0.2006, 0.2066, 0.1944, 0.2034, 0.2093, 0.2108, 0.21, 0.2091, 0.2119, 0.2137, 0.211, 0.2173, 0.2101, 0.209, 0.2138, 0.2172, 0.2182, 0.2181, 0.217, 0.2176, 0.2158, 0.2218, 0.2144, 0.2131, 0.2024, 0.1789, 0.1796, 0.1679, 0.1583, 0.1471, 0.1361, 0.1348, 0.151, 0.1396, 0.1552, 0.1376, 0.1432, 0.139, 0.1443, 0.14, 0.139, 0.1534, 0.1296, 0.1479, 0.131, 0.157, 0.162, 0.1384, 0.1357, 0.1583, 0.1184, 0.0998, 0.103, 0.1345, 0.1177, 0.1088, 0.122, 0.1229, 0.1008, 0.1073, 0.1206, 0.1258, 0.1061, 0.128, 0.1491, 0.1253, 0.1267, 0.1716, 0.1742, 0.1804, 0.1803, 0.1828, 0.1842, 0.1843, 0.1847, 0.1837]
